{"C:\\Users\\bibek\\Documents\\Developer\\playsync-backend\\src\\app.ts": {"path":"C:\\Users\\bibek\\Documents\\Developer\\playsync-backend\\src\\app.ts","statementMap":{"0":{"start":{"line":2,"column":22},"end":{"line":4,"column":1}},"1":{"start":{"line":3,"column":4},"end":{"line":3,"column":62}},"2":{"start":{"line":5,"column":0},"end":{"line":5,"column":62}},"3":{"start":{"line":6,"column":18},"end":{"line":6,"column":53}},"4":{"start":{"line":7,"column":15},"end":{"line":7,"column":47}},"5":{"start":{"line":8,"column":29},"end":{"line":8,"column":75}},"6":{"start":{"line":9,"column":24},"end":{"line":9,"column":65}},"7":{"start":{"line":10,"column":15},"end":{"line":10,"column":47}},"8":{"start":{"line":11,"column":22},"end":{"line":11,"column":76}},"9":{"start":{"line":12,"column":22},"end":{"line":12,"column":76}},"10":{"start":{"line":13,"column":22},"end":{"line":13,"column":76}},"11":{"start":{"line":14,"column":25},"end":{"line":14,"column":85}},"12":{"start":{"line":15,"column":27},"end":{"line":15,"column":91}},"13":{"start":{"line":16,"column":29},"end":{"line":16,"column":97}},"14":{"start":{"line":17,"column":23},"end":{"line":17,"column":79}},"15":{"start":{"line":18,"column":30},"end":{"line":18,"column":100}},"16":{"start":{"line":19,"column":22},"end":{"line":19,"column":76}},"17":{"start":{"line":20,"column":28},"end":{"line":20,"column":94}},"18":{"start":{"line":21,"column":25},"end":{"line":21,"column":85}},"19":{"start":{"line":22,"column":18},"end":{"line":22,"column":36}},"20":{"start":{"line":23,"column":26},"end":{"line":23,"column":67}},"21":{"start":{"line":24,"column":26},"end":{"line":24,"column":67}},"22":{"start":{"line":25,"column":23},"end":{"line":25,"column":60}},"23":{"start":{"line":26,"column":24},"end":{"line":26,"column":63}},"24":{"start":{"line":27,"column":17},"end":{"line":27,"column":65}},"25":{"start":{"line":28,"column":12},"end":{"line":28,"column":36}},"26":{"start":{"line":29,"column":20},"end":{"line":36,"column":1}},"27":{"start":{"line":38,"column":0},"end":{"line":38,"column":51}},"28":{"start":{"line":39,"column":0},"end":{"line":39,"column":42}},"29":{"start":{"line":40,"column":0},"end":{"line":40,"column":34}},"30":{"start":{"line":41,"column":0},"end":{"line":41,"column":58}},"31":{"start":{"line":43,"column":0},"end":{"line":43,"column":93}},"32":{"start":{"line":44,"column":23},"end":{"line":74,"column":1}},"33":{"start":{"line":75,"column":20},"end":{"line":75,"column":64}},"34":{"start":{"line":76,"column":17},"end":{"line":76,"column":26}},"35":{"start":{"line":77,"column":0},"end":{"line":77,"column":125}},"36":{"start":{"line":78,"column":0},"end":{"line":78,"column":51}},"37":{"start":{"line":79,"column":0},"end":{"line":79,"column":52}},"38":{"start":{"line":80,"column":0},"end":{"line":80,"column":65}},"39":{"start":{"line":81,"column":0},"end":{"line":81,"column":57}},"40":{"start":{"line":82,"column":0},"end":{"line":82,"column":61}},"41":{"start":{"line":83,"column":0},"end":{"line":83,"column":65}},"42":{"start":{"line":84,"column":0},"end":{"line":84,"column":53}},"43":{"start":{"line":85,"column":0},"end":{"line":85,"column":68}},"44":{"start":{"line":86,"column":0},"end":{"line":86,"column":52}},"45":{"start":{"line":87,"column":0},"end":{"line":87,"column":64}},"46":{"start":{"line":88,"column":0},"end":{"line":88,"column":58}},"47":{"start":{"line":90,"column":22},"end":{"line":90,"column":45}},"48":{"start":{"line":91,"column":17},"end":{"line":91,"column":55}},"49":{"start":{"line":92,"column":0},"end":{"line":92,"column":119}},"50":{"start":{"line":93,"column":0},"end":{"line":93,"column":171}},"51":{"start":{"line":94,"column":0},"end":{"line":94,"column":96}},"52":{"start":{"line":95,"column":0},"end":{"line":95,"column":46}},"53":{"start":{"line":96,"column":0},"end":{"line":98,"column":3}},"54":{"start":{"line":97,"column":4},"end":{"line":97,"column":83}},"55":{"start":{"line":99,"column":0},"end":{"line":139,"column":3}},"56":{"start":{"line":100,"column":4},"end":{"line":100,"column":38}},"57":{"start":{"line":102,"column":4},"end":{"line":112,"column":5}},"58":{"start":{"line":103,"column":8},"end":{"line":111,"column":11}},"59":{"start":{"line":106,"column":58},"end":{"line":109,"column":13}},"60":{"start":{"line":114,"column":4},"end":{"line":120,"column":5}},"61":{"start":{"line":115,"column":8},"end":{"line":119,"column":11}},"62":{"start":{"line":121,"column":4},"end":{"line":138,"column":5}},"63":{"start":{"line":122,"column":25},"end":{"line":126,"column":9}},"64":{"start":{"line":127,"column":8},"end":{"line":129,"column":9}},"65":{"start":{"line":128,"column":12},"end":{"line":128,"column":37}},"66":{"start":{"line":130,"column":8},"end":{"line":130,"column":50}},"67":{"start":{"line":133,"column":8},"end":{"line":137,"column":11}},"68":{"start":{"line":140,"column":0},"end":{"line":140,"column":22}}},"fnMap":{"0":{"name":"(anonymous_0)","decl":{"start":{"line":2,"column":56},"end":{"line":2,"column":57}},"loc":{"start":{"line":2,"column":71},"end":{"line":4,"column":1}},"line":2},"1":{"name":"(anonymous_1)","decl":{"start":{"line":96,"column":13},"end":{"line":96,"column":14}},"loc":{"start":{"line":96,"column":28},"end":{"line":98,"column":1}},"line":96},"2":{"name":"(anonymous_2)","decl":{"start":{"line":99,"column":8},"end":{"line":99,"column":9}},"loc":{"start":{"line":99,"column":35},"end":{"line":139,"column":1}},"line":99},"3":{"name":"(anonymous_3)","decl":{"start":{"line":106,"column":50},"end":{"line":106,"column":51}},"loc":{"start":{"line":106,"column":58},"end":{"line":109,"column":13}},"line":106}},"branchMap":{"0":{"loc":{"start":{"line":2,"column":22},"end":{"line":4,"column":1}},"type":"binary-expr","locations":[{"start":{"line":2,"column":23},"end":{"line":2,"column":27}},{"start":{"line":2,"column":31},"end":{"line":2,"column":51}},{"start":{"line":2,"column":56},"end":{"line":4,"column":1}}],"line":2},"1":{"loc":{"start":{"line":3,"column":11},"end":{"line":3,"column":61}},"type":"cond-expr","locations":[{"start":{"line":3,"column":37},"end":{"line":3,"column":40}},{"start":{"line":3,"column":43},"end":{"line":3,"column":61}}],"line":3},"2":{"loc":{"start":{"line":3,"column":12},"end":{"line":3,"column":33}},"type":"binary-expr","locations":[{"start":{"line":3,"column":12},"end":{"line":3,"column":15}},{"start":{"line":3,"column":19},"end":{"line":3,"column":33}}],"line":3},"3":{"loc":{"start":{"line":102,"column":4},"end":{"line":112,"column":5}},"type":"if","locations":[{"start":{"line":102,"column":4},"end":{"line":112,"column":5}},{"start":{},"end":{}}],"line":102},"4":{"loc":{"start":{"line":114,"column":4},"end":{"line":120,"column":5}},"type":"if","locations":[{"start":{"line":114,"column":4},"end":{"line":120,"column":5}},{"start":{},"end":{}}],"line":114},"5":{"loc":{"start":{"line":121,"column":4},"end":{"line":138,"column":5}},"type":"if","locations":[{"start":{"line":121,"column":4},"end":{"line":138,"column":5}},{"start":{"line":132,"column":9},"end":{"line":138,"column":5}}],"line":121},"6":{"loc":{"start":{"line":125,"column":23},"end":{"line":125,"column":56}},"type":"binary-expr","locations":[{"start":{"line":125,"column":23},"end":{"line":125,"column":36}},{"start":{"line":125,"column":40},"end":{"line":125,"column":56}}],"line":125},"7":{"loc":{"start":{"line":127,"column":8},"end":{"line":129,"column":9}},"type":"if","locations":[{"start":{"line":127,"column":8},"end":{"line":129,"column":9}},{"start":{},"end":{}}],"line":127},"8":{"loc":{"start":{"line":135,"column":21},"end":{"line":135,"column":98}},"type":"cond-expr","locations":[{"start":{"line":135,"column":61},"end":{"line":135,"column":84}},{"start":{"line":135,"column":87},"end":{"line":135,"column":98}}],"line":135}},"s":{"0":0,"1":0,"2":0,"3":0,"4":0,"5":0,"6":0,"7":0,"8":0,"9":0,"10":0,"11":0,"12":0,"13":0,"14":0,"15":0,"16":0,"17":0,"18":0,"19":0,"20":0,"21":0,"22":0,"23":0,"24":0,"25":0,"26":0,"27":0,"28":0,"29":0,"30":0,"31":0,"32":0,"33":0,"34":0,"35":0,"36":0,"37":0,"38":0,"39":0,"40":0,"41":0,"42":0,"43":0,"44":0,"45":0,"46":0,"47":0,"48":0,"49":0,"50":0,"51":0,"52":0,"53":0,"54":0,"55":0,"56":0,"57":0,"58":0,"59":0,"60":0,"61":0,"62":0,"63":0,"64":0,"65":0,"66":0,"67":0,"68":0},"f":{"0":0,"1":0,"2":0,"3":0},"b":{"0":[0,0,0],"1":[0,0],"2":[0,0],"3":[0,0],"4":[0,0],"5":[0,0],"6":[0,0],"7":[0,0],"8":[0,0]}}
,"C:\\Users\\bibek\\Documents\\Developer\\playsync-backend\\src\\Share\\cache\\leaderboard.cache.ts": {"path":"C:\\Users\\bibek\\Documents\\Developer\\playsync-backend\\src\\Share\\cache\\leaderboard.cache.ts","statementMap":{"0":{"start":{"line":2,"column":0},"end":{"line":2,"column":62}},"1":{"start":{"line":3,"column":0},"end":{"line":3,"column":34}},"2":{"start":{"line":4,"column":16},"end":{"line":4,"column":32}},"3":{"start":{"line":7,"column":8},"end":{"line":7,"column":27}},"4":{"start":{"line":8,"column":8},"end":{"line":8,"column":23}},"5":{"start":{"line":11,"column":8},"end":{"line":24,"column":9}},"6":{"start":{"line":12,"column":12},"end":{"line":14,"column":15}},"7":{"start":{"line":15,"column":12},"end":{"line":17,"column":15}},"8":{"start":{"line":16,"column":16},"end":{"line":16,"column":58}},"9":{"start":{"line":18,"column":12},"end":{"line":18,"column":40}},"10":{"start":{"line":19,"column":12},"end":{"line":19,"column":69}},"11":{"start":{"line":22,"column":12},"end":{"line":22,"column":77}},"12":{"start":{"line":23,"column":12},"end":{"line":23,"column":31}},"13":{"start":{"line":27,"column":8},"end":{"line":29,"column":9}},"14":{"start":{"line":28,"column":12},"end":{"line":28,"column":37}},"15":{"start":{"line":32,"column":8},"end":{"line":32,"column":58}},"16":{"start":{"line":35,"column":8},"end":{"line":36,"column":24}},"17":{"start":{"line":36,"column":12},"end":{"line":36,"column":24}},"18":{"start":{"line":37,"column":8},"end":{"line":50,"column":9}},"19":{"start":{"line":38,"column":24},"end":{"line":38,"column":61}},"20":{"start":{"line":39,"column":27},"end":{"line":39,"column":53}},"21":{"start":{"line":40,"column":12},"end":{"line":43,"column":13}},"22":{"start":{"line":41,"column":16},"end":{"line":41,"column":55}},"23":{"start":{"line":42,"column":16},"end":{"line":42,"column":42}},"24":{"start":{"line":44,"column":12},"end":{"line":44,"column":52}},"25":{"start":{"line":45,"column":12},"end":{"line":45,"column":24}},"26":{"start":{"line":48,"column":12},"end":{"line":48,"column":53}},"27":{"start":{"line":49,"column":12},"end":{"line":49,"column":24}},"28":{"start":{"line":56,"column":8},"end":{"line":57,"column":19}},"29":{"start":{"line":57,"column":12},"end":{"line":57,"column":19}},"30":{"start":{"line":58,"column":8},"end":{"line":65,"column":9}},"31":{"start":{"line":59,"column":24},"end":{"line":59,"column":61}},"32":{"start":{"line":60,"column":12},"end":{"line":60,"column":73}},"33":{"start":{"line":61,"column":12},"end":{"line":61,"column":61}},"34":{"start":{"line":64,"column":12},"end":{"line":64,"column":53}},"35":{"start":{"line":68,"column":8},"end":{"line":69,"column":19}},"36":{"start":{"line":69,"column":12},"end":{"line":69,"column":19}},"37":{"start":{"line":70,"column":8},"end":{"line":79,"column":9}},"38":{"start":{"line":71,"column":25},"end":{"line":71,"column":64}},"39":{"start":{"line":72,"column":12},"end":{"line":75,"column":13}},"40":{"start":{"line":73,"column":16},"end":{"line":73,"column":44}},"41":{"start":{"line":74,"column":16},"end":{"line":74,"column":88}},"42":{"start":{"line":78,"column":12},"end":{"line":78,"column":60}},"43":{"start":{"line":82,"column":8},"end":{"line":84,"column":9}},"44":{"start":{"line":83,"column":12},"end":{"line":83,"column":45}},"45":{"start":{"line":85,"column":8},"end":{"line":98,"column":9}},"46":{"start":{"line":86,"column":25},"end":{"line":86,"column":64}},"47":{"start":{"line":87,"column":25},"end":{"line":87,"column":57}},"48":{"start":{"line":88,"column":32},"end":{"line":88,"column":68}},"49":{"start":{"line":89,"column":27},"end":{"line":89,"column":69}},"50":{"start":{"line":90,"column":12},"end":{"line":93,"column":14}},"51":{"start":{"line":96,"column":12},"end":{"line":96,"column":55}},"52":{"start":{"line":97,"column":12},"end":{"line":97,"column":45}},"53":{"start":{"line":102,"column":0},"end":{"line":102,"column":50}}},"fnMap":{"0":{"name":"(anonymous_0)","decl":{"start":{"line":6,"column":4},"end":{"line":6,"column":5}},"loc":{"start":{"line":6,"column":18},"end":{"line":9,"column":5}},"line":6},"1":{"name":"(anonymous_1)","decl":{"start":{"line":10,"column":4},"end":{"line":10,"column":5}},"loc":{"start":{"line":10,"column":20},"end":{"line":25,"column":5}},"line":10},"2":{"name":"(anonymous_2)","decl":{"start":{"line":15,"column":36},"end":{"line":15,"column":37}},"loc":{"start":{"line":15,"column":45},"end":{"line":17,"column":13}},"line":15},"3":{"name":"(anonymous_3)","decl":{"start":{"line":26,"column":4},"end":{"line":26,"column":5}},"loc":{"start":{"line":26,"column":23},"end":{"line":30,"column":5}},"line":26},"4":{"name":"(anonymous_4)","decl":{"start":{"line":31,"column":4},"end":{"line":31,"column":5}},"loc":{"start":{"line":31,"column":37},"end":{"line":33,"column":5}},"line":31},"5":{"name":"(anonymous_5)","decl":{"start":{"line":34,"column":4},"end":{"line":34,"column":5}},"loc":{"start":{"line":34,"column":35},"end":{"line":51,"column":5}},"line":34},"6":{"name":"(anonymous_6)","decl":{"start":{"line":55,"column":4},"end":{"line":55,"column":5}},"loc":{"start":{"line":55,"column":41},"end":{"line":66,"column":5}},"line":55},"7":{"name":"(anonymous_7)","decl":{"start":{"line":67,"column":4},"end":{"line":67,"column":5}},"loc":{"start":{"line":67,"column":23},"end":{"line":80,"column":5}},"line":67},"8":{"name":"(anonymous_8)","decl":{"start":{"line":81,"column":4},"end":{"line":81,"column":5}},"loc":{"start":{"line":81,"column":21},"end":{"line":99,"column":5}},"line":81}},"branchMap":{"0":{"loc":{"start":{"line":13,"column":21},"end":{"line":13,"column":70}},"type":"binary-expr","locations":[{"start":{"line":13,"column":21},"end":{"line":13,"column":42}},{"start":{"line":13,"column":46},"end":{"line":13,"column":70}}],"line":13},"1":{"loc":{"start":{"line":27,"column":8},"end":{"line":29,"column":9}},"type":"if","locations":[{"start":{"line":27,"column":8},"end":{"line":29,"column":9}},{"start":{},"end":{}}],"line":27},"2":{"loc":{"start":{"line":35,"column":8},"end":{"line":36,"column":24}},"type":"if","locations":[{"start":{"line":35,"column":8},"end":{"line":36,"column":24}},{"start":{},"end":{}}],"line":35},"3":{"loc":{"start":{"line":40,"column":12},"end":{"line":43,"column":13}},"type":"if","locations":[{"start":{"line":40,"column":12},"end":{"line":43,"column":13}},{"start":{},"end":{}}],"line":40},"4":{"loc":{"start":{"line":56,"column":8},"end":{"line":57,"column":19}},"type":"if","locations":[{"start":{"line":56,"column":8},"end":{"line":57,"column":19}},{"start":{},"end":{}}],"line":56},"5":{"loc":{"start":{"line":68,"column":8},"end":{"line":69,"column":19}},"type":"if","locations":[{"start":{"line":68,"column":8},"end":{"line":69,"column":19}},{"start":{},"end":{}}],"line":68},"6":{"loc":{"start":{"line":72,"column":12},"end":{"line":75,"column":13}},"type":"if","locations":[{"start":{"line":72,"column":12},"end":{"line":75,"column":13}},{"start":{},"end":{}}],"line":72},"7":{"loc":{"start":{"line":82,"column":8},"end":{"line":84,"column":9}},"type":"if","locations":[{"start":{"line":82,"column":8},"end":{"line":84,"column":9}},{"start":{},"end":{}}],"line":82},"8":{"loc":{"start":{"line":89,"column":27},"end":{"line":89,"column":69}},"type":"cond-expr","locations":[{"start":{"line":89,"column":41},"end":{"line":89,"column":62}},{"start":{"line":89,"column":65},"end":{"line":89,"column":69}}],"line":89}},"s":{"0":0,"1":0,"2":0,"3":0,"4":0,"5":0,"6":0,"7":0,"8":0,"9":0,"10":0,"11":0,"12":0,"13":0,"14":0,"15":0,"16":0,"17":0,"18":0,"19":0,"20":0,"21":0,"22":0,"23":0,"24":0,"25":0,"26":0,"27":0,"28":0,"29":0,"30":0,"31":0,"32":0,"33":0,"34":0,"35":0,"36":0,"37":0,"38":0,"39":0,"40":0,"41":0,"42":0,"43":0,"44":0,"45":0,"46":0,"47":0,"48":0,"49":0,"50":0,"51":0,"52":0,"53":0},"f":{"0":0,"1":0,"2":0,"3":0,"4":0,"5":0,"6":0,"7":0,"8":0},"b":{"0":[0,0],"1":[0,0],"2":[0,0],"3":[0,0],"4":[0,0],"5":[0,0],"6":[0,0],"7":[0,0],"8":[0,0]}}
,"C:\\Users\\bibek\\Documents\\Developer\\playsync-backend\\src\\Share\\config\\cloudinary.ts": {"path":"C:\\Users\\bibek\\Documents\\Developer\\playsync-backend\\src\\Share\\config\\cloudinary.ts","statementMap":{"0":{"start":{"line":2,"column":22},"end":{"line":4,"column":1}},"1":{"start":{"line":3,"column":4},"end":{"line":3,"column":62}},"2":{"start":{"line":5,"column":0},"end":{"line":5,"column":62}},"3":{"start":{"line":6,"column":21},"end":{"line":6,"column":42}},"4":{"start":{"line":7,"column":17},"end":{"line":7,"column":51}},"5":{"start":{"line":8,"column":0},"end":{"line":8,"column":26}},"6":{"start":{"line":9,"column":0},"end":{"line":13,"column":3}},"7":{"start":{"line":14,"column":0},"end":{"line":14,"column":34}}},"fnMap":{"0":{"name":"(anonymous_0)","decl":{"start":{"line":2,"column":56},"end":{"line":2,"column":57}},"loc":{"start":{"line":2,"column":71},"end":{"line":4,"column":1}},"line":2}},"branchMap":{"0":{"loc":{"start":{"line":2,"column":22},"end":{"line":4,"column":1}},"type":"binary-expr","locations":[{"start":{"line":2,"column":23},"end":{"line":2,"column":27}},{"start":{"line":2,"column":31},"end":{"line":2,"column":51}},{"start":{"line":2,"column":56},"end":{"line":4,"column":1}}],"line":2},"1":{"loc":{"start":{"line":3,"column":11},"end":{"line":3,"column":61}},"type":"cond-expr","locations":[{"start":{"line":3,"column":37},"end":{"line":3,"column":40}},{"start":{"line":3,"column":43},"end":{"line":3,"column":61}}],"line":3},"2":{"loc":{"start":{"line":3,"column":12},"end":{"line":3,"column":33}},"type":"binary-expr","locations":[{"start":{"line":3,"column":12},"end":{"line":3,"column":15}},{"start":{"line":3,"column":19},"end":{"line":3,"column":33}}],"line":3}},"s":{"0":0,"1":0,"2":0,"3":0,"4":0,"5":0,"6":0,"7":0},"f":{"0":0},"b":{"0":[0,0,0],"1":[0,0],"2":[0,0]}}
,"C:\\Users\\bibek\\Documents\\Developer\\playsync-backend\\src\\Share\\config\\db.ts": {"path":"C:\\Users\\bibek\\Documents\\Developer\\playsync-backend\\src\\Share\\config\\db.ts","statementMap":{"0":{"start":{"line":2,"column":22},"end":{"line":4,"column":1}},"1":{"start":{"line":3,"column":4},"end":{"line":3,"column":62}},"2":{"start":{"line":5,"column":0},"end":{"line":5,"column":62}},"3":{"start":{"line":6,"column":19},"end":{"line":6,"column":55}},"4":{"start":{"line":7,"column":18},"end":{"line":16,"column":1}},"5":{"start":{"line":8,"column":4},"end":{"line":15,"column":5}},"6":{"start":{"line":9,"column":8},"end":{"line":9,"column":64}},"7":{"start":{"line":10,"column":8},"end":{"line":10,"column":43}},"8":{"start":{"line":13,"column":8},"end":{"line":13,"column":60}},"9":{"start":{"line":14,"column":8},"end":{"line":14,"column":24}},"10":{"start":{"line":17,"column":0},"end":{"line":17,"column":28}}},"fnMap":{"0":{"name":"(anonymous_0)","decl":{"start":{"line":2,"column":56},"end":{"line":2,"column":57}},"loc":{"start":{"line":2,"column":71},"end":{"line":4,"column":1}},"line":2},"1":{"name":"(anonymous_1)","decl":{"start":{"line":7,"column":18},"end":{"line":7,"column":19}},"loc":{"start":{"line":7,"column":30},"end":{"line":16,"column":1}},"line":7}},"branchMap":{"0":{"loc":{"start":{"line":2,"column":22},"end":{"line":4,"column":1}},"type":"binary-expr","locations":[{"start":{"line":2,"column":23},"end":{"line":2,"column":27}},{"start":{"line":2,"column":31},"end":{"line":2,"column":51}},{"start":{"line":2,"column":56},"end":{"line":4,"column":1}}],"line":2},"1":{"loc":{"start":{"line":3,"column":11},"end":{"line":3,"column":61}},"type":"cond-expr","locations":[{"start":{"line":3,"column":37},"end":{"line":3,"column":40}},{"start":{"line":3,"column":43},"end":{"line":3,"column":61}}],"line":3},"2":{"loc":{"start":{"line":3,"column":12},"end":{"line":3,"column":33}},"type":"binary-expr","locations":[{"start":{"line":3,"column":12},"end":{"line":3,"column":15}},{"start":{"line":3,"column":19},"end":{"line":3,"column":33}}],"line":3}},"s":{"0":0,"1":0,"2":0,"3":0,"4":0,"5":0,"6":0,"7":0,"8":0,"9":0,"10":0},"f":{"0":0,"1":0},"b":{"0":[0,0,0],"1":[0,0],"2":[0,0]}}
,"C:\\Users\\bibek\\Documents\\Developer\\playsync-backend\\src\\Share\\config\\jwt.ts": {"path":"C:\\Users\\bibek\\Documents\\Developer\\playsync-backend\\src\\Share\\config\\jwt.ts","statementMap":{"0":{"start":{"line":2,"column":22},"end":{"line":4,"column":1}},"1":{"start":{"line":3,"column":4},"end":{"line":3,"column":62}},"2":{"start":{"line":5,"column":0},"end":{"line":5,"column":62}},"3":{"start":{"line":6,"column":0},"end":{"line":6,"column":82}},"4":{"start":{"line":7,"column":23},"end":{"line":7,"column":63}},"5":{"start":{"line":8,"column":19},"end":{"line":8,"column":62}},"6":{"start":{"line":9,"column":30},"end":{"line":9,"column":72}},"7":{"start":{"line":10,"column":31},"end":{"line":10,"column":73}},"8":{"start":{"line":11,"column":24},"end":{"line":13,"column":1}},"9":{"start":{"line":12,"column":4},"end":{"line":12,"column":98}},"10":{"start":{"line":14,"column":0},"end":{"line":14,"column":42}},"11":{"start":{"line":15,"column":25},"end":{"line":17,"column":1}},"12":{"start":{"line":16,"column":4},"end":{"line":16,"column":99}},"13":{"start":{"line":18,"column":0},"end":{"line":18,"column":44}},"14":{"start":{"line":19,"column":20},"end":{"line":21,"column":1}},"15":{"start":{"line":20,"column":4},"end":{"line":20,"column":60}},"16":{"start":{"line":22,"column":0},"end":{"line":22,"column":34}}},"fnMap":{"0":{"name":"(anonymous_0)","decl":{"start":{"line":2,"column":56},"end":{"line":2,"column":57}},"loc":{"start":{"line":2,"column":71},"end":{"line":4,"column":1}},"line":2},"1":{"name":"(anonymous_1)","decl":{"start":{"line":11,"column":24},"end":{"line":11,"column":25}},"loc":{"start":{"line":11,"column":37},"end":{"line":13,"column":1}},"line":11},"2":{"name":"(anonymous_2)","decl":{"start":{"line":15,"column":25},"end":{"line":15,"column":26}},"loc":{"start":{"line":15,"column":38},"end":{"line":17,"column":1}},"line":15},"3":{"name":"(anonymous_3)","decl":{"start":{"line":19,"column":20},"end":{"line":19,"column":21}},"loc":{"start":{"line":19,"column":31},"end":{"line":21,"column":1}},"line":19}},"branchMap":{"0":{"loc":{"start":{"line":2,"column":22},"end":{"line":4,"column":1}},"type":"binary-expr","locations":[{"start":{"line":2,"column":23},"end":{"line":2,"column":27}},{"start":{"line":2,"column":31},"end":{"line":2,"column":51}},{"start":{"line":2,"column":56},"end":{"line":4,"column":1}}],"line":2},"1":{"loc":{"start":{"line":3,"column":11},"end":{"line":3,"column":61}},"type":"cond-expr","locations":[{"start":{"line":3,"column":37},"end":{"line":3,"column":40}},{"start":{"line":3,"column":43},"end":{"line":3,"column":61}}],"line":3},"2":{"loc":{"start":{"line":3,"column":12},"end":{"line":3,"column":33}},"type":"binary-expr","locations":[{"start":{"line":3,"column":12},"end":{"line":3,"column":15}},{"start":{"line":3,"column":19},"end":{"line":3,"column":33}}],"line":3},"3":{"loc":{"start":{"line":8,"column":19},"end":{"line":8,"column":62}},"type":"binary-expr","locations":[{"start":{"line":8,"column":19},"end":{"line":8,"column":41}},{"start":{"line":8,"column":45},"end":{"line":8,"column":62}}],"line":8},"4":{"loc":{"start":{"line":9,"column":30},"end":{"line":9,"column":72}},"type":"binary-expr","locations":[{"start":{"line":9,"column":30},"end":{"line":9,"column":63}},{"start":{"line":9,"column":67},"end":{"line":9,"column":72}}],"line":9},"5":{"loc":{"start":{"line":10,"column":31},"end":{"line":10,"column":73}},"type":"binary-expr","locations":[{"start":{"line":10,"column":31},"end":{"line":10,"column":65}},{"start":{"line":10,"column":69},"end":{"line":10,"column":73}}],"line":10}},"s":{"0":0,"1":0,"2":0,"3":0,"4":0,"5":0,"6":0,"7":0,"8":0,"9":0,"10":0,"11":0,"12":0,"13":0,"14":0,"15":0,"16":0},"f":{"0":0,"1":0,"2":0,"3":0},"b":{"0":[0,0,0],"1":[0,0],"2":[0,0],"3":[0,0],"4":[0,0],"5":[0,0]}}
,"C:\\Users\\bibek\\Documents\\Developer\\playsync-backend\\src\\Share\\middleware\\api-version.middleware.ts": {"path":"C:\\Users\\bibek\\Documents\\Developer\\playsync-backend\\src\\Share\\middleware\\api-version.middleware.ts","statementMap":{"0":{"start":{"line":2,"column":0},"end":{"line":2,"column":62}},"1":{"start":{"line":3,"column":0},"end":{"line":3,"column":42}},"2":{"start":{"line":4,"column":0},"end":{"line":4,"column":48}},"3":{"start":{"line":5,"column":23},"end":{"line":5,"column":27}},"4":{"start":{"line":6,"column":27},"end":{"line":6,"column":29}},"5":{"start":{"line":7,"column":20},"end":{"line":7,"column":22}},"6":{"start":{"line":13,"column":30},"end":{"line":13,"column":58}},"7":{"start":{"line":14,"column":27},"end":{"line":14,"column":60}},"8":{"start":{"line":15,"column":23},"end":{"line":15,"column":100}},"9":{"start":{"line":16,"column":4},"end":{"line":22,"column":5}},"10":{"start":{"line":17,"column":8},"end":{"line":17,"column":45}},"11":{"start":{"line":18,"column":8},"end":{"line":18,"column":50}},"12":{"start":{"line":19,"column":8},"end":{"line":21,"column":9}},"13":{"start":{"line":20,"column":12},"end":{"line":20,"column":60}},"14":{"start":{"line":23,"column":4},"end":{"line":23,"column":31}},"15":{"start":{"line":24,"column":4},"end":{"line":24,"column":11}},"16":{"start":{"line":30,"column":4},"end":{"line":36,"column":6}},"17":{"start":{"line":31,"column":25},"end":{"line":31,"column":67}},"18":{"start":{"line":32,"column":24},"end":{"line":32,"column":54}},"19":{"start":{"line":33,"column":8},"end":{"line":33,"column":96}},"20":{"start":{"line":34,"column":8},"end":{"line":34,"column":62}},"21":{"start":{"line":35,"column":8},"end":{"line":35,"column":15}}},"fnMap":{"0":{"name":"apiVersionGuard","decl":{"start":{"line":12,"column":9},"end":{"line":12,"column":24}},"loc":{"start":{"line":12,"column":41},"end":{"line":25,"column":1}},"line":12},"1":{"name":"paginationDefaults","decl":{"start":{"line":29,"column":9},"end":{"line":29,"column":27}},"loc":{"start":{"line":29,"column":63},"end":{"line":37,"column":1}},"line":29},"2":{"name":"(anonymous_2)","decl":{"start":{"line":30,"column":11},"end":{"line":30,"column":12}},"loc":{"start":{"line":30,"column":32},"end":{"line":36,"column":5}},"line":30}},"branchMap":{"0":{"loc":{"start":{"line":15,"column":23},"end":{"line":15,"column":100}},"type":"binary-expr","locations":[{"start":{"line":15,"column":23},"end":{"line":15,"column":40}},{"start":{"line":15,"column":45},"end":{"line":15,"column":99}}],"line":15},"1":{"loc":{"start":{"line":15,"column":45},"end":{"line":15,"column":99}},"type":"cond-expr","locations":[{"start":{"line":15,"column":62},"end":{"line":15,"column":82}},{"start":{"line":15,"column":85},"end":{"line":15,"column":99}}],"line":15},"2":{"loc":{"start":{"line":16,"column":4},"end":{"line":22,"column":5}},"type":"if","locations":[{"start":{"line":16,"column":4},"end":{"line":22,"column":5}},{"start":{},"end":{}}],"line":16},"3":{"loc":{"start":{"line":19,"column":8},"end":{"line":21,"column":9}},"type":"if","locations":[{"start":{"line":19,"column":8},"end":{"line":21,"column":9}},{"start":{},"end":{}}],"line":19},"4":{"loc":{"start":{"line":29,"column":28},"end":{"line":29,"column":45}},"type":"default-arg","locations":[{"start":{"line":29,"column":43},"end":{"line":29,"column":45}}],"line":29},"5":{"loc":{"start":{"line":29,"column":47},"end":{"line":29,"column":61}},"type":"default-arg","locations":[{"start":{"line":29,"column":58},"end":{"line":29,"column":61}}],"line":29},"6":{"loc":{"start":{"line":31,"column":32},"end":{"line":31,"column":66}},"type":"binary-expr","locations":[{"start":{"line":31,"column":32},"end":{"line":31,"column":50}},{"start":{"line":31,"column":54},"end":{"line":31,"column":66}}],"line":31},"7":{"loc":{"start":{"line":32,"column":31},"end":{"line":32,"column":53}},"type":"binary-expr","locations":[{"start":{"line":32,"column":31},"end":{"line":32,"column":48}},{"start":{"line":32,"column":52},"end":{"line":32,"column":53}}],"line":32},"8":{"loc":{"start":{"line":33,"column":45},"end":{"line":33,"column":83}},"type":"cond-expr","locations":[{"start":{"line":33,"column":60},"end":{"line":33,"column":68}},{"start":{"line":33,"column":71},"end":{"line":33,"column":83}}],"line":33},"9":{"loc":{"start":{"line":34,"column":35},"end":{"line":34,"column":60}},"type":"cond-expr","locations":[{"start":{"line":34,"column":49},"end":{"line":34,"column":56}},{"start":{"line":34,"column":59},"end":{"line":34,"column":60}}],"line":34}},"s":{"0":0,"1":0,"2":0,"3":0,"4":0,"5":0,"6":0,"7":0,"8":0,"9":0,"10":0,"11":0,"12":0,"13":0,"14":0,"15":0,"16":0,"17":0,"18":0,"19":0,"20":0,"21":0},"f":{"0":0,"1":0,"2":0},"b":{"0":[0,0],"1":[0,0],"2":[0,0],"3":[0,0],"4":[0],"5":[0],"6":[0,0],"7":[0,0],"8":[0,0],"9":[0,0]}}
,"C:\\Users\\bibek\\Documents\\Developer\\playsync-backend\\src\\Share\\middleware\\body-validation.middleware.ts": {"path":"C:\\Users\\bibek\\Documents\\Developer\\playsync-backend\\src\\Share\\middleware\\body-validation.middleware.ts","statementMap":{"0":{"start":{"line":2,"column":0},"end":{"line":2,"column":62}},"1":{"start":{"line":3,"column":0},"end":{"line":3,"column":38}},"2":{"start":{"line":4,"column":0},"end":{"line":4,"column":56}},"3":{"start":{"line":5,"column":0},"end":{"line":5,"column":52}},"4":{"start":{"line":11,"column":4},"end":{"line":21,"column":6}},"5":{"start":{"line":12,"column":30},"end":{"line":12,"column":72}},"6":{"start":{"line":13,"column":8},"end":{"line":19,"column":9}},"7":{"start":{"line":14,"column":12},"end":{"line":17,"column":15}},"8":{"start":{"line":18,"column":12},"end":{"line":18,"column":19}},"9":{"start":{"line":20,"column":8},"end":{"line":20,"column":15}},"10":{"start":{"line":27,"column":20},"end":{"line":27,"column":44}},"11":{"start":{"line":28,"column":4},"end":{"line":34,"column":5}},"12":{"start":{"line":29,"column":8},"end":{"line":32,"column":11}},"13":{"start":{"line":33,"column":8},"end":{"line":33,"column":15}},"14":{"start":{"line":35,"column":4},"end":{"line":35,"column":11}},"15":{"start":{"line":41,"column":4},"end":{"line":54,"column":5}},"16":{"start":{"line":42,"column":25},"end":{"line":52,"column":9}},"17":{"start":{"line":43,"column":12},"end":{"line":50,"column":13}},"18":{"start":{"line":44,"column":16},"end":{"line":49,"column":17}},"19":{"start":{"line":45,"column":20},"end":{"line":45,"column":47}},"20":{"start":{"line":47,"column":21},"end":{"line":49,"column":17}},"21":{"start":{"line":48,"column":20},"end":{"line":48,"column":39}},"22":{"start":{"line":51,"column":12},"end":{"line":51,"column":23}},"23":{"start":{"line":53,"column":8},"end":{"line":53,"column":27}},"24":{"start":{"line":55,"column":4},"end":{"line":55,"column":11}}},"fnMap":{"0":{"name":"bodySizeGuard","decl":{"start":{"line":10,"column":9},"end":{"line":10,"column":22}},"loc":{"start":{"line":10,"column":32},"end":{"line":22,"column":1}},"line":10},"1":{"name":"(anonymous_1)","decl":{"start":{"line":11,"column":11},"end":{"line":11,"column":12}},"loc":{"start":{"line":11,"column":31},"end":{"line":21,"column":5}},"line":11},"2":{"name":"requireJsonContentType","decl":{"start":{"line":26,"column":9},"end":{"line":26,"column":31}},"loc":{"start":{"line":26,"column":48},"end":{"line":36,"column":1}},"line":26},"3":{"name":"sanitizeStringFields","decl":{"start":{"line":40,"column":9},"end":{"line":40,"column":29}},"loc":{"start":{"line":40,"column":47},"end":{"line":56,"column":1}},"line":40},"4":{"name":"(anonymous_4)","decl":{"start":{"line":42,"column":25},"end":{"line":42,"column":26}},"loc":{"start":{"line":42,"column":34},"end":{"line":52,"column":9}},"line":42}},"branchMap":{"0":{"loc":{"start":{"line":12,"column":37},"end":{"line":12,"column":71}},"type":"binary-expr","locations":[{"start":{"line":12,"column":37},"end":{"line":12,"column":66}},{"start":{"line":12,"column":70},"end":{"line":12,"column":71}}],"line":12},"1":{"loc":{"start":{"line":13,"column":8},"end":{"line":19,"column":9}},"type":"if","locations":[{"start":{"line":13,"column":8},"end":{"line":19,"column":9}},{"start":{},"end":{}}],"line":13},"2":{"loc":{"start":{"line":16,"column":25},"end":{"line":16,"column":105}},"type":"binary-expr","locations":[{"start":{"line":16,"column":25},"end":{"line":16,"column":45}},{"start":{"line":16,"column":49},"end":{"line":16,"column":105}}],"line":16},"3":{"loc":{"start":{"line":28,"column":4},"end":{"line":34,"column":5}},"type":"if","locations":[{"start":{"line":28,"column":4},"end":{"line":34,"column":5}},{"start":{},"end":{}}],"line":28},"4":{"loc":{"start":{"line":28,"column":8},"end":{"line":28,"column":67}},"type":"binary-expr","locations":[{"start":{"line":28,"column":8},"end":{"line":28,"column":36}},{"start":{"line":28,"column":40},"end":{"line":28,"column":67}}],"line":28},"5":{"loc":{"start":{"line":41,"column":4},"end":{"line":54,"column":5}},"type":"if","locations":[{"start":{"line":41,"column":4},"end":{"line":54,"column":5}},{"start":{},"end":{}}],"line":41},"6":{"loc":{"start":{"line":41,"column":8},"end":{"line":41,"column":48}},"type":"binary-expr","locations":[{"start":{"line":41,"column":8},"end":{"line":41,"column":16}},{"start":{"line":41,"column":20},"end":{"line":41,"column":48}}],"line":41},"7":{"loc":{"start":{"line":44,"column":16},"end":{"line":49,"column":17}},"type":"if","locations":[{"start":{"line":44,"column":16},"end":{"line":49,"column":17}},{"start":{"line":47,"column":21},"end":{"line":49,"column":17}}],"line":44},"8":{"loc":{"start":{"line":47,"column":21},"end":{"line":49,"column":17}},"type":"if","locations":[{"start":{"line":47,"column":21},"end":{"line":49,"column":17}},{"start":{},"end":{}}],"line":47},"9":{"loc":{"start":{"line":47,"column":25},"end":{"line":47,"column":93}},"type":"binary-expr","locations":[{"start":{"line":47,"column":25},"end":{"line":47,"column":33}},{"start":{"line":47,"column":37},"end":{"line":47,"column":65}},{"start":{"line":47,"column":69},"end":{"line":47,"column":93}}],"line":47}},"s":{"0":0,"1":0,"2":0,"3":0,"4":0,"5":0,"6":0,"7":0,"8":0,"9":0,"10":0,"11":0,"12":0,"13":0,"14":0,"15":0,"16":0,"17":0,"18":0,"19":0,"20":0,"21":0,"22":0,"23":0,"24":0},"f":{"0":0,"1":0,"2":0,"3":0,"4":0},"b":{"0":[0,0],"1":[0,0],"2":[0,0],"3":[0,0],"4":[0,0],"5":[0,0],"6":[0,0],"7":[0,0],"8":[0,0],"9":[0,0,0]}}
,"C:\\Users\\bibek\\Documents\\Developer\\playsync-backend\\src\\Share\\middleware\\error-handler.middleware.ts": {"path":"C:\\Users\\bibek\\Documents\\Developer\\playsync-backend\\src\\Share\\middleware\\error-handler.middleware.ts","statementMap":{"0":{"start":{"line":2,"column":0},"end":{"line":2,"column":62}},"1":{"start":{"line":3,"column":0},"end":{"line":3,"column":26}},"2":{"start":{"line":4,"column":0},"end":{"line":4,"column":48}},"3":{"start":{"line":5,"column":0},"end":{"line":5,"column":42}},"4":{"start":{"line":11,"column":19},"end":{"line":11,"column":54}},"5":{"start":{"line":12,"column":20},"end":{"line":14,"column":65}},"6":{"start":{"line":16,"column":4},"end":{"line":23,"column":5}},"7":{"start":{"line":17,"column":8},"end":{"line":22,"column":11}},"8":{"start":{"line":24,"column":4},"end":{"line":28,"column":7}},"9":{"start":{"line":34,"column":4},"end":{"line":37,"column":7}},"10":{"start":{"line":44,"column":8},"end":{"line":44,"column":23}},"11":{"start":{"line":45,"column":8},"end":{"line":45,"column":31}},"12":{"start":{"line":46,"column":8},"end":{"line":46,"column":29}},"13":{"start":{"line":47,"column":8},"end":{"line":47,"column":34}},"14":{"start":{"line":48,"column":8},"end":{"line":48,"column":58}},"15":{"start":{"line":50,"column":29},"end":{"line":50,"column":59}},"16":{"start":{"line":51,"column":48},"end":{"line":51,"column":78}},"17":{"start":{"line":52,"column":42},"end":{"line":52,"column":72}},"18":{"start":{"line":53,"column":41},"end":{"line":53,"column":71}},"19":{"start":{"line":54,"column":27},"end":{"line":54,"column":57}},"20":{"start":{"line":56,"column":0},"end":{"line":56,"column":28}}},"fnMap":{"0":{"name":"globalErrorHandler","decl":{"start":{"line":10,"column":9},"end":{"line":10,"column":27}},"loc":{"start":{"line":10,"column":50},"end":{"line":29,"column":1}},"line":10},"1":{"name":"notFoundHandler","decl":{"start":{"line":33,"column":9},"end":{"line":33,"column":24}},"loc":{"start":{"line":33,"column":35},"end":{"line":38,"column":1}},"line":33},"2":{"name":"(anonymous_2)","decl":{"start":{"line":43,"column":4},"end":{"line":43,"column":5}},"loc":{"start":{"line":43,"column":39},"end":{"line":49,"column":5}},"line":43},"3":{"name":"(anonymous_3)","decl":{"start":{"line":50,"column":4},"end":{"line":50,"column":5}},"loc":{"start":{"line":50,"column":27},"end":{"line":50,"column":61}},"line":50},"4":{"name":"(anonymous_4)","decl":{"start":{"line":51,"column":4},"end":{"line":51,"column":5}},"loc":{"start":{"line":51,"column":46},"end":{"line":51,"column":80}},"line":51},"5":{"name":"(anonymous_5)","decl":{"start":{"line":52,"column":4},"end":{"line":52,"column":5}},"loc":{"start":{"line":52,"column":40},"end":{"line":52,"column":74}},"line":52},"6":{"name":"(anonymous_6)","decl":{"start":{"line":53,"column":4},"end":{"line":53,"column":5}},"loc":{"start":{"line":53,"column":39},"end":{"line":53,"column":73}},"line":53},"7":{"name":"(anonymous_7)","decl":{"start":{"line":54,"column":4},"end":{"line":54,"column":5}},"loc":{"start":{"line":54,"column":25},"end":{"line":54,"column":59}},"line":54}},"branchMap":{"0":{"loc":{"start":{"line":11,"column":19},"end":{"line":11,"column":54}},"type":"binary-expr","locations":[{"start":{"line":11,"column":19},"end":{"line":11,"column":29}},{"start":{"line":11,"column":33},"end":{"line":11,"column":47}},{"start":{"line":11,"column":51},"end":{"line":11,"column":54}}],"line":11},"1":{"loc":{"start":{"line":12,"column":20},"end":{"line":14,"column":65}},"type":"cond-expr","locations":[{"start":{"line":13,"column":10},"end":{"line":13,"column":21}},{"start":{"line":14,"column":10},"end":{"line":14,"column":65}}],"line":12},"2":{"loc":{"start":{"line":16,"column":4},"end":{"line":23,"column":5}},"type":"if","locations":[{"start":{"line":16,"column":4},"end":{"line":23,"column":5}},{"start":{},"end":{}}],"line":16},"3":{"loc":{"start":{"line":27,"column":12},"end":{"line":27,"column":77}},"type":"cond-expr","locations":[{"start":{"line":27,"column":52},"end":{"line":27,"column":72}},{"start":{"line":27,"column":75},"end":{"line":27,"column":77}}],"line":27},"4":{"loc":{"start":{"line":43,"column":25},"end":{"line":43,"column":37}},"type":"default-arg","locations":[{"start":{"line":43,"column":34},"end":{"line":43,"column":37}}],"line":43},"5":{"loc":{"start":{"line":51,"column":24},"end":{"line":51,"column":44}},"type":"default-arg","locations":[{"start":{"line":51,"column":30},"end":{"line":51,"column":44}}],"line":51},"6":{"loc":{"start":{"line":52,"column":21},"end":{"line":52,"column":38}},"type":"default-arg","locations":[{"start":{"line":52,"column":27},"end":{"line":52,"column":38}}],"line":52},"7":{"loc":{"start":{"line":53,"column":20},"end":{"line":53,"column":37}},"type":"default-arg","locations":[{"start":{"line":53,"column":26},"end":{"line":53,"column":37}}],"line":53}},"s":{"0":0,"1":0,"2":0,"3":0,"4":0,"5":0,"6":0,"7":0,"8":0,"9":0,"10":0,"11":0,"12":0,"13":0,"14":0,"15":0,"16":0,"17":0,"18":0,"19":0,"20":0},"f":{"0":0,"1":0,"2":0,"3":0,"4":0,"5":0,"6":0,"7":0},"b":{"0":[0,0,0],"1":[0,0],"2":[0,0],"3":[0,0],"4":[0],"5":[0],"6":[0],"7":[0]}}
,"C:\\Users\\bibek\\Documents\\Developer\\playsync-backend\\src\\Share\\middleware\\headers.middleware.ts": {"path":"C:\\Users\\bibek\\Documents\\Developer\\playsync-backend\\src\\Share\\middleware\\headers.middleware.ts","statementMap":{"0":{"start":{"line":2,"column":0},"end":{"line":2,"column":62}},"1":{"start":{"line":3,"column":0},"end":{"line":3,"column":48}},"2":{"start":{"line":4,"column":0},"end":{"line":4,"column":42}},"3":{"start":{"line":5,"column":0},"end":{"line":5,"column":40}},"4":{"start":{"line":10,"column":18},"end":{"line":10,"column":41}},"5":{"start":{"line":11,"column":4},"end":{"line":15,"column":7}},"6":{"start":{"line":12,"column":20},"end":{"line":12,"column":43}},"7":{"start":{"line":13,"column":19},"end":{"line":13,"column":48}},"8":{"start":{"line":14,"column":8},"end":{"line":14,"column":63}},"9":{"start":{"line":16,"column":4},"end":{"line":16,"column":11}},"10":{"start":{"line":22,"column":4},"end":{"line":22,"column":55}},"11":{"start":{"line":23,"column":4},"end":{"line":23,"column":45}},"12":{"start":{"line":24,"column":4},"end":{"line":24,"column":55}},"13":{"start":{"line":25,"column":4},"end":{"line":25,"column":72}},"14":{"start":{"line":26,"column":4},"end":{"line":26,"column":84}},"15":{"start":{"line":27,"column":4},"end":{"line":29,"column":5}},"16":{"start":{"line":28,"column":8},"end":{"line":28,"column":99}},"17":{"start":{"line":30,"column":4},"end":{"line":30,"column":11}},"18":{"start":{"line":36,"column":4},"end":{"line":36,"column":74}},"19":{"start":{"line":37,"column":4},"end":{"line":37,"column":40}},"20":{"start":{"line":38,"column":4},"end":{"line":38,"column":34}},"21":{"start":{"line":39,"column":4},"end":{"line":39,"column":11}}},"fnMap":{"0":{"name":"responseTimeHeader","decl":{"start":{"line":9,"column":9},"end":{"line":9,"column":27}},"loc":{"start":{"line":9,"column":44},"end":{"line":17,"column":1}},"line":9},"1":{"name":"(anonymous_1)","decl":{"start":{"line":11,"column":21},"end":{"line":11,"column":22}},"loc":{"start":{"line":11,"column":27},"end":{"line":15,"column":5}},"line":11},"2":{"name":"securityHeaders","decl":{"start":{"line":21,"column":9},"end":{"line":21,"column":24}},"loc":{"start":{"line":21,"column":41},"end":{"line":31,"column":1}},"line":21},"3":{"name":"noCacheHeaders","decl":{"start":{"line":35,"column":9},"end":{"line":35,"column":23}},"loc":{"start":{"line":35,"column":40},"end":{"line":40,"column":1}},"line":35}},"branchMap":{"0":{"loc":{"start":{"line":27,"column":4},"end":{"line":29,"column":5}},"type":"if","locations":[{"start":{"line":27,"column":4},"end":{"line":29,"column":5}},{"start":{},"end":{}}],"line":27}},"s":{"0":0,"1":0,"2":0,"3":0,"4":0,"5":0,"6":0,"7":0,"8":0,"9":0,"10":0,"11":0,"12":0,"13":0,"14":0,"15":0,"16":0,"17":0,"18":0,"19":0,"20":0,"21":0},"f":{"0":0,"1":0,"2":0,"3":0},"b":{"0":[0,0]}}
,"C:\\Users\\bibek\\Documents\\Developer\\playsync-backend\\src\\Share\\middleware\\index.ts": {"path":"C:\\Users\\bibek\\Documents\\Developer\\playsync-backend\\src\\Share\\middleware\\index.ts","statementMap":{"0":{"start":{"line":2,"column":0},"end":{"line":2,"column":62}},"1":{"start":{"line":3,"column":0},"end":{"line":3,"column":449}},"2":{"start":{"line":4,"column":34},"end":{"line":4,"column":72}},"3":{"start":{"line":5,"column":0},"end":{"line":5,"column":142}},"4":{"start":{"line":5,"column":87},"end":{"line":5,"column":136}},"5":{"start":{"line":6,"column":27},"end":{"line":6,"column":58}},"6":{"start":{"line":7,"column":0},"end":{"line":7,"column":139}},"7":{"start":{"line":7,"column":89},"end":{"line":7,"column":133}},"8":{"start":{"line":8,"column":0},"end":{"line":8,"column":137}},"9":{"start":{"line":8,"column":88},"end":{"line":8,"column":131}},"10":{"start":{"line":9,"column":0},"end":{"line":9,"column":145}},"11":{"start":{"line":9,"column":92},"end":{"line":9,"column":139}},"12":{"start":{"line":10,"column":35},"end":{"line":10,"column":74}},"13":{"start":{"line":11,"column":0},"end":{"line":11,"column":157}},"14":{"start":{"line":11,"column":94},"end":{"line":11,"column":151}},"15":{"start":{"line":12,"column":0},"end":{"line":12,"column":137}},"16":{"start":{"line":12,"column":84},"end":{"line":12,"column":131}},"17":{"start":{"line":13,"column":0},"end":{"line":13,"column":135}},"18":{"start":{"line":13,"column":83},"end":{"line":13,"column":129}},"19":{"start":{"line":14,"column":33},"end":{"line":14,"column":70}},"20":{"start":{"line":15,"column":0},"end":{"line":15,"column":151}},"21":{"start":{"line":15,"column":92},"end":{"line":15,"column":145}},"22":{"start":{"line":16,"column":0},"end":{"line":16,"column":145}},"23":{"start":{"line":16,"column":89},"end":{"line":16,"column":139}},"24":{"start":{"line":17,"column":0},"end":{"line":17,"column":131}},"25":{"start":{"line":17,"column":82},"end":{"line":17,"column":125}},"26":{"start":{"line":18,"column":35},"end":{"line":18,"column":74}},"27":{"start":{"line":19,"column":0},"end":{"line":19,"column":143}},"28":{"start":{"line":19,"column":87},"end":{"line":19,"column":137}},"29":{"start":{"line":20,"column":0},"end":{"line":20,"column":161}},"30":{"start":{"line":20,"column":96},"end":{"line":20,"column":155}},"31":{"start":{"line":21,"column":0},"end":{"line":21,"column":157}},"32":{"start":{"line":21,"column":94},"end":{"line":21,"column":151}},"33":{"start":{"line":22,"column":31},"end":{"line":22,"column":66}},"34":{"start":{"line":23,"column":0},"end":{"line":23,"column":143}},"35":{"start":{"line":23,"column":89},"end":{"line":23,"column":137}},"36":{"start":{"line":24,"column":0},"end":{"line":24,"column":149}},"37":{"start":{"line":24,"column":92},"end":{"line":24,"column":143}},"38":{"start":{"line":25,"column":30},"end":{"line":25,"column":64}},"39":{"start":{"line":26,"column":0},"end":{"line":26,"column":134}},"40":{"start":{"line":26,"column":85},"end":{"line":26,"column":128}},"41":{"start":{"line":27,"column":0},"end":{"line":27,"column":144}},"42":{"start":{"line":27,"column":90},"end":{"line":27,"column":138}}},"fnMap":{"0":{"name":"(anonymous_0)","decl":{"start":{"line":5,"column":73},"end":{"line":5,"column":74}},"loc":{"start":{"line":5,"column":85},"end":{"line":5,"column":138}},"line":5},"1":{"name":"(anonymous_1)","decl":{"start":{"line":7,"column":75},"end":{"line":7,"column":76}},"loc":{"start":{"line":7,"column":87},"end":{"line":7,"column":135}},"line":7},"2":{"name":"(anonymous_2)","decl":{"start":{"line":8,"column":74},"end":{"line":8,"column":75}},"loc":{"start":{"line":8,"column":86},"end":{"line":8,"column":133}},"line":8},"3":{"name":"(anonymous_3)","decl":{"start":{"line":9,"column":78},"end":{"line":9,"column":79}},"loc":{"start":{"line":9,"column":90},"end":{"line":9,"column":141}},"line":9},"4":{"name":"(anonymous_4)","decl":{"start":{"line":11,"column":80},"end":{"line":11,"column":81}},"loc":{"start":{"line":11,"column":92},"end":{"line":11,"column":153}},"line":11},"5":{"name":"(anonymous_5)","decl":{"start":{"line":12,"column":70},"end":{"line":12,"column":71}},"loc":{"start":{"line":12,"column":82},"end":{"line":12,"column":133}},"line":12},"6":{"name":"(anonymous_6)","decl":{"start":{"line":13,"column":69},"end":{"line":13,"column":70}},"loc":{"start":{"line":13,"column":81},"end":{"line":13,"column":131}},"line":13},"7":{"name":"(anonymous_7)","decl":{"start":{"line":15,"column":78},"end":{"line":15,"column":79}},"loc":{"start":{"line":15,"column":90},"end":{"line":15,"column":147}},"line":15},"8":{"name":"(anonymous_8)","decl":{"start":{"line":16,"column":75},"end":{"line":16,"column":76}},"loc":{"start":{"line":16,"column":87},"end":{"line":16,"column":141}},"line":16},"9":{"name":"(anonymous_9)","decl":{"start":{"line":17,"column":68},"end":{"line":17,"column":69}},"loc":{"start":{"line":17,"column":80},"end":{"line":17,"column":127}},"line":17},"10":{"name":"(anonymous_10)","decl":{"start":{"line":19,"column":73},"end":{"line":19,"column":74}},"loc":{"start":{"line":19,"column":85},"end":{"line":19,"column":139}},"line":19},"11":{"name":"(anonymous_11)","decl":{"start":{"line":20,"column":82},"end":{"line":20,"column":83}},"loc":{"start":{"line":20,"column":94},"end":{"line":20,"column":157}},"line":20},"12":{"name":"(anonymous_12)","decl":{"start":{"line":21,"column":80},"end":{"line":21,"column":81}},"loc":{"start":{"line":21,"column":92},"end":{"line":21,"column":153}},"line":21},"13":{"name":"(anonymous_13)","decl":{"start":{"line":23,"column":75},"end":{"line":23,"column":76}},"loc":{"start":{"line":23,"column":87},"end":{"line":23,"column":139}},"line":23},"14":{"name":"(anonymous_14)","decl":{"start":{"line":24,"column":78},"end":{"line":24,"column":79}},"loc":{"start":{"line":24,"column":90},"end":{"line":24,"column":145}},"line":24},"15":{"name":"(anonymous_15)","decl":{"start":{"line":26,"column":71},"end":{"line":26,"column":72}},"loc":{"start":{"line":26,"column":83},"end":{"line":26,"column":130}},"line":26},"16":{"name":"(anonymous_16)","decl":{"start":{"line":27,"column":76},"end":{"line":27,"column":77}},"loc":{"start":{"line":27,"column":88},"end":{"line":27,"column":140}},"line":27}},"branchMap":{},"s":{"0":0,"1":0,"2":0,"3":0,"4":0,"5":0,"6":0,"7":0,"8":0,"9":0,"10":0,"11":0,"12":0,"13":0,"14":0,"15":0,"16":0,"17":0,"18":0,"19":0,"20":0,"21":0,"22":0,"23":0,"24":0,"25":0,"26":0,"27":0,"28":0,"29":0,"30":0,"31":0,"32":0,"33":0,"34":0,"35":0,"36":0,"37":0,"38":0,"39":0,"40":0,"41":0,"42":0},"f":{"0":0,"1":0,"2":0,"3":0,"4":0,"5":0,"6":0,"7":0,"8":0,"9":0,"10":0,"11":0,"12":0,"13":0,"14":0,"15":0,"16":0},"b":{}}
,"C:\\Users\\bibek\\Documents\\Developer\\playsync-backend\\src\\Share\\middleware\\request-context.middleware.ts": {"path":"C:\\Users\\bibek\\Documents\\Developer\\playsync-backend\\src\\Share\\middleware\\request-context.middleware.ts","statementMap":{"0":{"start":{"line":2,"column":0},"end":{"line":2,"column":62}},"1":{"start":{"line":3,"column":0},"end":{"line":3,"column":52}},"2":{"start":{"line":4,"column":0},"end":{"line":4,"column":32}},"3":{"start":{"line":5,"column":0},"end":{"line":5,"column":30}},"4":{"start":{"line":6,"column":20},"end":{"line":6,"column":33}},"5":{"start":{"line":8,"column":22},"end":{"line":9,"column":68}},"6":{"start":{"line":10,"column":16},"end":{"line":14,"column":5}},"7":{"start":{"line":15,"column":4},"end":{"line":15,"column":30}},"8":{"start":{"line":16,"column":4},"end":{"line":16,"column":45}},"9":{"start":{"line":17,"column":4},"end":{"line":17,"column":11}},"10":{"start":{"line":20,"column":4},"end":{"line":20,"column":32}},"11":{"start":{"line":23,"column":16},"end":{"line":23,"column":36}},"12":{"start":{"line":24,"column":4},"end":{"line":25,"column":28}},"13":{"start":{"line":25,"column":8},"end":{"line":25,"column":28}}},"fnMap":{"0":{"name":"attachRequestContext","decl":{"start":{"line":7,"column":9},"end":{"line":7,"column":29}},"loc":{"start":{"line":7,"column":46},"end":{"line":18,"column":1}},"line":7},"1":{"name":"getContext","decl":{"start":{"line":19,"column":9},"end":{"line":19,"column":19}},"loc":{"start":{"line":19,"column":25},"end":{"line":21,"column":1}},"line":19},"2":{"name":"setUserId","decl":{"start":{"line":22,"column":9},"end":{"line":22,"column":18}},"loc":{"start":{"line":22,"column":32},"end":{"line":26,"column":1}},"line":22}},"branchMap":{"0":{"loc":{"start":{"line":8,"column":22},"end":{"line":9,"column":68}},"type":"binary-expr","locations":[{"start":{"line":8,"column":22},"end":{"line":8,"column":49}},{"start":{"line":9,"column":11},"end":{"line":9,"column":68}}],"line":8},"1":{"loc":{"start":{"line":13,"column":12},"end":{"line":13,"column":31}},"type":"binary-expr","locations":[{"start":{"line":13,"column":12},"end":{"line":13,"column":18}},{"start":{"line":13,"column":22},"end":{"line":13,"column":31}}],"line":13},"2":{"loc":{"start":{"line":24,"column":4},"end":{"line":25,"column":28}},"type":"if","locations":[{"start":{"line":24,"column":4},"end":{"line":25,"column":28}},{"start":{},"end":{}}],"line":24}},"s":{"0":0,"1":0,"2":0,"3":0,"4":0,"5":0,"6":0,"7":0,"8":0,"9":0,"10":0,"11":0,"12":0,"13":0},"f":{"0":0,"1":0,"2":0},"b":{"0":[0,0],"1":[0,0],"2":[0,0]}}
,"C:\\Users\\bibek\\Documents\\Developer\\playsync-backend\\src\\Share\\middleware\\request-logger.middleware.ts": {"path":"C:\\Users\\bibek\\Documents\\Developer\\playsync-backend\\src\\Share\\middleware\\request-logger.middleware.ts","statementMap":{"0":{"start":{"line":2,"column":0},"end":{"line":2,"column":62}},"1":{"start":{"line":3,"column":0},"end":{"line":3,"column":38}},"2":{"start":{"line":9,"column":18},"end":{"line":9,"column":28}},"3":{"start":{"line":10,"column":40},"end":{"line":10,"column":43}},"4":{"start":{"line":11,"column":19},"end":{"line":11,"column":46}},"5":{"start":{"line":12,"column":4},"end":{"line":34,"column":7}},"6":{"start":{"line":13,"column":24},"end":{"line":13,"column":42}},"7":{"start":{"line":14,"column":22},"end":{"line":14,"column":95}},"8":{"start":{"line":15,"column":20},"end":{"line":24,"column":9}},"9":{"start":{"line":25,"column":8},"end":{"line":33,"column":9}},"10":{"start":{"line":26,"column":12},"end":{"line":26,"column":47}},"11":{"start":{"line":28,"column":13},"end":{"line":33,"column":9}},"12":{"start":{"line":29,"column":12},"end":{"line":29,"column":46}},"13":{"start":{"line":32,"column":12},"end":{"line":32,"column":45}},"14":{"start":{"line":35,"column":4},"end":{"line":35,"column":11}}},"fnMap":{"0":{"name":"requestLogger","decl":{"start":{"line":8,"column":9},"end":{"line":8,"column":22}},"loc":{"start":{"line":8,"column":39},"end":{"line":36,"column":1}},"line":8},"1":{"name":"(anonymous_1)","decl":{"start":{"line":12,"column":21},"end":{"line":12,"column":22}},"loc":{"start":{"line":12,"column":27},"end":{"line":34,"column":5}},"line":12}},"branchMap":{"0":{"loc":{"start":{"line":11,"column":19},"end":{"line":11,"column":46}},"type":"binary-expr","locations":[{"start":{"line":11,"column":19},"end":{"line":11,"column":31}},{"start":{"line":11,"column":35},"end":{"line":11,"column":46}}],"line":11},"1":{"loc":{"start":{"line":14,"column":22},"end":{"line":14,"column":95}},"type":"cond-expr","locations":[{"start":{"line":14,"column":46},"end":{"line":14,"column":53}},{"start":{"line":14,"column":56},"end":{"line":14,"column":95}}],"line":14},"2":{"loc":{"start":{"line":14,"column":56},"end":{"line":14,"column":95}},"type":"cond-expr","locations":[{"start":{"line":14,"column":80},"end":{"line":14,"column":86}},{"start":{"line":14,"column":89},"end":{"line":14,"column":95}}],"line":14},"3":{"loc":{"start":{"line":25,"column":8},"end":{"line":33,"column":9}},"type":"if","locations":[{"start":{"line":25,"column":8},"end":{"line":33,"column":9}},{"start":{"line":28,"column":13},"end":{"line":33,"column":9}}],"line":25},"4":{"loc":{"start":{"line":28,"column":13},"end":{"line":33,"column":9}},"type":"if","locations":[{"start":{"line":28,"column":13},"end":{"line":33,"column":9}},{"start":{"line":31,"column":13},"end":{"line":33,"column":9}}],"line":28}},"s":{"0":0,"1":0,"2":0,"3":0,"4":0,"5":0,"6":0,"7":0,"8":0,"9":0,"10":0,"11":0,"12":0,"13":0,"14":0},"f":{"0":0,"1":0},"b":{"0":[0,0],"1":[0,0],"2":[0,0],"3":[0,0],"4":[0,0]}}
,"C:\\Users\\bibek\\Documents\\Developer\\playsync-backend\\src\\Share\\middleware\\role-guard.middleware.ts": {"path":"C:\\Users\\bibek\\Documents\\Developer\\playsync-backend\\src\\Share\\middleware\\role-guard.middleware.ts","statementMap":{"0":{"start":{"line":2,"column":0},"end":{"line":2,"column":62}},"1":{"start":{"line":3,"column":0},"end":{"line":3,"column":34}},"2":{"start":{"line":4,"column":0},"end":{"line":4,"column":44}},"3":{"start":{"line":5,"column":23},"end":{"line":10,"column":1}},"4":{"start":{"line":15,"column":4},"end":{"line":31,"column":6}},"5":{"start":{"line":16,"column":21},"end":{"line":16,"column":29}},"6":{"start":{"line":17,"column":8},"end":{"line":20,"column":9}},"7":{"start":{"line":18,"column":12},"end":{"line":18,"column":90}},"8":{"start":{"line":19,"column":12},"end":{"line":19,"column":19}},"9":{"start":{"line":21,"column":26},"end":{"line":21,"column":57}},"10":{"start":{"line":22,"column":25},"end":{"line":22,"column":52}},"11":{"start":{"line":23,"column":8},"end":{"line":29,"column":9}},"12":{"start":{"line":24,"column":12},"end":{"line":27,"column":15}},"13":{"start":{"line":28,"column":12},"end":{"line":28,"column":19}},"14":{"start":{"line":30,"column":8},"end":{"line":30,"column":15}},"15":{"start":{"line":38,"column":4},"end":{"line":52,"column":6}},"16":{"start":{"line":39,"column":21},"end":{"line":39,"column":29}},"17":{"start":{"line":40,"column":8},"end":{"line":43,"column":9}},"18":{"start":{"line":41,"column":12},"end":{"line":41,"column":90}},"19":{"start":{"line":42,"column":12},"end":{"line":42,"column":19}},"20":{"start":{"line":44,"column":24},"end":{"line":44,"column":44}},"21":{"start":{"line":45,"column":24},"end":{"line":45,"column":43}},"22":{"start":{"line":46,"column":24},"end":{"line":46,"column":76}},"23":{"start":{"line":47,"column":8},"end":{"line":50,"column":9}},"24":{"start":{"line":48,"column":12},"end":{"line":48,"column":117}},"25":{"start":{"line":49,"column":12},"end":{"line":49,"column":19}},"26":{"start":{"line":51,"column":8},"end":{"line":51,"column":15}}},"fnMap":{"0":{"name":"requireRole","decl":{"start":{"line":14,"column":9},"end":{"line":14,"column":20}},"loc":{"start":{"line":14,"column":34},"end":{"line":32,"column":1}},"line":14},"1":{"name":"(anonymous_1)","decl":{"start":{"line":15,"column":11},"end":{"line":15,"column":12}},"loc":{"start":{"line":15,"column":31},"end":{"line":31,"column":5}},"line":15},"2":{"name":"requireOwnership","decl":{"start":{"line":37,"column":9},"end":{"line":37,"column":25}},"loc":{"start":{"line":37,"column":43},"end":{"line":53,"column":1}},"line":37},"3":{"name":"(anonymous_3)","decl":{"start":{"line":38,"column":11},"end":{"line":38,"column":12}},"loc":{"start":{"line":38,"column":31},"end":{"line":52,"column":5}},"line":38}},"branchMap":{"0":{"loc":{"start":{"line":17,"column":8},"end":{"line":20,"column":9}},"type":"if","locations":[{"start":{"line":17,"column":8},"end":{"line":20,"column":9}},{"start":{},"end":{}}],"line":17},"1":{"loc":{"start":{"line":21,"column":26},"end":{"line":21,"column":57}},"type":"binary-expr","locations":[{"start":{"line":21,"column":26},"end":{"line":21,"column":51}},{"start":{"line":21,"column":55},"end":{"line":21,"column":57}}],"line":21},"2":{"loc":{"start":{"line":23,"column":8},"end":{"line":29,"column":9}},"type":"if","locations":[{"start":{"line":23,"column":8},"end":{"line":29,"column":9}},{"start":{},"end":{}}],"line":23},"3":{"loc":{"start":{"line":40,"column":8},"end":{"line":43,"column":9}},"type":"if","locations":[{"start":{"line":40,"column":8},"end":{"line":43,"column":9}},{"start":{},"end":{}}],"line":40},"4":{"loc":{"start":{"line":47,"column":8},"end":{"line":50,"column":9}},"type":"if","locations":[{"start":{"line":47,"column":8},"end":{"line":50,"column":9}},{"start":{},"end":{}}],"line":47},"5":{"loc":{"start":{"line":47,"column":12},"end":{"line":47,"column":32}},"type":"binary-expr","locations":[{"start":{"line":47,"column":12},"end":{"line":47,"column":20}},{"start":{"line":47,"column":24},"end":{"line":47,"column":32}}],"line":47}},"s":{"0":0,"1":0,"2":0,"3":0,"4":0,"5":0,"6":0,"7":0,"8":0,"9":0,"10":0,"11":0,"12":0,"13":0,"14":0,"15":0,"16":0,"17":0,"18":0,"19":0,"20":0,"21":0,"22":0,"23":0,"24":0,"25":0,"26":0},"f":{"0":0,"1":0,"2":0,"3":0},"b":{"0":[0,0],"1":[0,0],"2":[0,0],"3":[0,0],"4":[0,0],"5":[0,0]}}
,"C:\\Users\\bibek\\Documents\\Developer\\playsync-backend\\src\\Share\\utils\\AppError.ts": {"path":"C:\\Users\\bibek\\Documents\\Developer\\playsync-backend\\src\\Share\\utils\\AppError.ts","statementMap":{"0":{"start":{"line":2,"column":0},"end":{"line":2,"column":62}},"1":{"start":{"line":5,"column":8},"end":{"line":5,"column":23}},"2":{"start":{"line":6,"column":8},"end":{"line":6,"column":37}},"3":{"start":{"line":7,"column":8},"end":{"line":7,"column":35}},"4":{"start":{"line":8,"column":8},"end":{"line":8,"column":25}},"5":{"start":{"line":9,"column":8},"end":{"line":9,"column":56}},"6":{"start":{"line":12,"column":0},"end":{"line":12,"column":27}}},"fnMap":{"0":{"name":"(anonymous_0)","decl":{"start":{"line":4,"column":4},"end":{"line":4,"column":5}},"loc":{"start":{"line":4,"column":73},"end":{"line":10,"column":5}},"line":4}},"branchMap":{"0":{"loc":{"start":{"line":4,"column":37},"end":{"line":4,"column":65}},"type":"default-arg","locations":[{"start":{"line":4,"column":49},"end":{"line":4,"column":65}}],"line":4}},"s":{"0":0,"1":0,"2":0,"3":0,"4":0,"5":0,"6":0},"f":{"0":0},"b":{"0":[0]}}
,"C:\\Users\\bibek\\Documents\\Developer\\playsync-backend\\src\\Share\\utils\\apiResponse.ts": {"path":"C:\\Users\\bibek\\Documents\\Developer\\playsync-backend\\src\\Share\\utils\\apiResponse.ts","statementMap":{"0":{"start":{"line":2,"column":0},"end":{"line":2,"column":62}},"1":{"start":{"line":3,"column":0},"end":{"line":3,"column":34}},"2":{"start":{"line":4,"column":0},"end":{"line":4,"column":30}},"3":{"start":{"line":5,"column":0},"end":{"line":5,"column":34}},"4":{"start":{"line":6,"column":15},"end":{"line":6,"column":52}},"5":{"start":{"line":8,"column":21},"end":{"line":13,"column":5}},"6":{"start":{"line":14,"column":4},"end":{"line":14,"column":38}},"7":{"start":{"line":17,"column":24},"end":{"line":17,"column":47}},"8":{"start":{"line":18,"column":21},"end":{"line":27,"column":5}},"9":{"start":{"line":28,"column":4},"end":{"line":28,"column":38}},"10":{"start":{"line":34,"column":21},"end":{"line":37,"column":5}},"11":{"start":{"line":38,"column":4},"end":{"line":40,"column":5}},"12":{"start":{"line":39,"column":8},"end":{"line":39,"column":29}},"13":{"start":{"line":41,"column":4},"end":{"line":43,"column":5}},"14":{"start":{"line":42,"column":8},"end":{"line":42,"column":29}},"15":{"start":{"line":44,"column":4},"end":{"line":44,"column":20}}},"fnMap":{"0":{"name":"sendSuccess","decl":{"start":{"line":7,"column":9},"end":{"line":7,"column":20}},"loc":{"start":{"line":7,"column":80},"end":{"line":15,"column":1}},"line":7},"1":{"name":"sendError","decl":{"start":{"line":16,"column":9},"end":{"line":16,"column":18}},"loc":{"start":{"line":16,"column":79},"end":{"line":29,"column":1}},"line":16},"2":{"name":"apiResponse","decl":{"start":{"line":33,"column":9},"end":{"line":33,"column":20}},"loc":{"start":{"line":33,"column":65},"end":{"line":45,"column":1}},"line":33}},"branchMap":{"0":{"loc":{"start":{"line":7,"column":32},"end":{"line":7,"column":51}},"type":"default-arg","locations":[{"start":{"line":7,"column":42},"end":{"line":7,"column":51}}],"line":7},"1":{"loc":{"start":{"line":7,"column":53},"end":{"line":7,"column":65}},"type":"default-arg","locations":[{"start":{"line":7,"column":62},"end":{"line":7,"column":65}}],"line":7},"2":{"loc":{"start":{"line":7,"column":67},"end":{"line":7,"column":78}},"type":"default-arg","locations":[{"start":{"line":7,"column":74},"end":{"line":7,"column":78}}],"line":7},"3":{"loc":{"start":{"line":16,"column":33},"end":{"line":16,"column":45}},"type":"default-arg","locations":[{"start":{"line":16,"column":42},"end":{"line":16,"column":45}}],"line":16},"4":{"loc":{"start":{"line":16,"column":47},"end":{"line":16,"column":61}},"type":"default-arg","locations":[{"start":{"line":16,"column":54},"end":{"line":16,"column":61}}],"line":16},"5":{"loc":{"start":{"line":16,"column":63},"end":{"line":16,"column":77}},"type":"default-arg","locations":[{"start":{"line":16,"column":73},"end":{"line":16,"column":77}}],"line":16},"6":{"loc":{"start":{"line":17,"column":24},"end":{"line":17,"column":47}},"type":"cond-expr","locations":[{"start":{"line":17,"column":33},"end":{"line":17,"column":37}},{"start":{"line":17,"column":40},"end":{"line":17,"column":47}}],"line":17},"7":{"loc":{"start":{"line":33,"column":39},"end":{"line":33,"column":50}},"type":"default-arg","locations":[{"start":{"line":33,"column":46},"end":{"line":33,"column":50}}],"line":33},"8":{"loc":{"start":{"line":33,"column":52},"end":{"line":33,"column":63}},"type":"default-arg","locations":[{"start":{"line":33,"column":59},"end":{"line":33,"column":63}}],"line":33},"9":{"loc":{"start":{"line":38,"column":4},"end":{"line":40,"column":5}},"type":"if","locations":[{"start":{"line":38,"column":4},"end":{"line":40,"column":5}},{"start":{},"end":{}}],"line":38},"10":{"loc":{"start":{"line":41,"column":4},"end":{"line":43,"column":5}},"type":"if","locations":[{"start":{"line":41,"column":4},"end":{"line":43,"column":5}},{"start":{},"end":{}}],"line":41}},"s":{"0":0,"1":0,"2":0,"3":0,"4":0,"5":0,"6":0,"7":0,"8":0,"9":0,"10":0,"11":0,"12":0,"13":0,"14":0,"15":0},"f":{"0":0,"1":0,"2":0},"b":{"0":[0],"1":[0],"2":[0],"3":[0],"4":[0],"5":[0],"6":[0,0],"7":[0],"8":[0],"9":[0,0],"10":[0,0]}}
,"C:\\Users\\bibek\\Documents\\Developer\\playsync-backend\\src\\Share\\utils\\asyncHandler.ts": {"path":"C:\\Users\\bibek\\Documents\\Developer\\playsync-backend\\src\\Share\\utils\\asyncHandler.ts","statementMap":{"0":{"start":{"line":2,"column":0},"end":{"line":2,"column":62}},"1":{"start":{"line":3,"column":0},"end":{"line":3,"column":30}},"2":{"start":{"line":4,"column":21},"end":{"line":6,"column":1}},"3":{"start":{"line":4,"column":29},"end":{"line":6,"column":1}},"4":{"start":{"line":5,"column":4},"end":{"line":5,"column":52}},"5":{"start":{"line":7,"column":0},"end":{"line":7,"column":36}},"6":{"start":{"line":8,"column":0},"end":{"line":8,"column":39}}},"fnMap":{"0":{"name":"(anonymous_0)","decl":{"start":{"line":4,"column":21},"end":{"line":4,"column":22}},"loc":{"start":{"line":4,"column":29},"end":{"line":6,"column":1}},"line":4},"1":{"name":"(anonymous_1)","decl":{"start":{"line":4,"column":29},"end":{"line":4,"column":30}},"loc":{"start":{"line":4,"column":49},"end":{"line":6,"column":1}},"line":4}},"branchMap":{},"s":{"0":0,"1":0,"2":0,"3":0,"4":0,"5":0,"6":0},"f":{"0":0,"1":0},"b":{}}
,"C:\\Users\\bibek\\Documents\\Developer\\playsync-backend\\src\\Share\\utils\\emailService.ts": {"path":"C:\\Users\\bibek\\Documents\\Developer\\playsync-backend\\src\\Share\\utils\\emailService.ts","statementMap":{"0":{"start":{"line":2,"column":22},"end":{"line":4,"column":1}},"1":{"start":{"line":3,"column":4},"end":{"line":3,"column":62}},"2":{"start":{"line":5,"column":0},"end":{"line":5,"column":62}},"3":{"start":{"line":6,"column":0},"end":{"line":6,"column":58}},"4":{"start":{"line":7,"column":21},"end":{"line":7,"column":59}},"5":{"start":{"line":8,"column":17},"end":{"line":8,"column":53}},"6":{"start":{"line":10,"column":26},"end":{"line":30,"column":1}},"7":{"start":{"line":11,"column":22},"end":{"line":11,"column":44}},"8":{"start":{"line":12,"column":26},"end":{"line":12,"column":78}},"9":{"start":{"line":13,"column":22},"end":{"line":13,"column":64}},"10":{"start":{"line":14,"column":22},"end":{"line":14,"column":59}},"11":{"start":{"line":15,"column":24},"end":{"line":15,"column":86}},"12":{"start":{"line":16,"column":4},"end":{"line":19,"column":5}},"13":{"start":{"line":17,"column":8},"end":{"line":17,"column":134}},"14":{"start":{"line":18,"column":8},"end":{"line":18,"column":68}},"15":{"start":{"line":20,"column":4},"end":{"line":29,"column":7}},"16":{"start":{"line":36,"column":18},"end":{"line":66,"column":1}},"17":{"start":{"line":37,"column":4},"end":{"line":65,"column":5}},"18":{"start":{"line":38,"column":28},"end":{"line":38,"column":47}},"19":{"start":{"line":40,"column":8},"end":{"line":40,"column":35}},"20":{"start":{"line":41,"column":28},"end":{"line":47,"column":9}},"21":{"start":{"line":49,"column":21},"end":{"line":49,"column":60}},"22":{"start":{"line":50,"column":8},"end":{"line":50,"column":104}},"23":{"start":{"line":51,"column":8},"end":{"line":51,"column":20}},"24":{"start":{"line":54,"column":27},"end":{"line":54,"column":32}},"25":{"start":{"line":55,"column":8},"end":{"line":62,"column":9}},"26":{"start":{"line":58,"column":12},"end":{"line":58,"column":160}},"27":{"start":{"line":61,"column":12},"end":{"line":61,"column":70}},"28":{"start":{"line":64,"column":8},"end":{"line":64,"column":21}},"29":{"start":{"line":67,"column":0},"end":{"line":67,"column":30}},"30":{"start":{"line":75,"column":29},"end":{"line":197,"column":1}},"31":{"start":{"line":76,"column":20},"end":{"line":76,"column":51}},"32":{"start":{"line":77,"column":22},"end":{"line":77,"column":71}},"33":{"start":{"line":78,"column":21},"end":{"line":78,"column":101}},"34":{"start":{"line":79,"column":17},"end":{"line":173,"column":3}},"35":{"start":{"line":174,"column":17},"end":{"line":190,"column":3}},"36":{"start":{"line":191,"column":4},"end":{"line":196,"column":7}},"37":{"start":{"line":198,"column":0},"end":{"line":198,"column":52}}},"fnMap":{"0":{"name":"(anonymous_0)","decl":{"start":{"line":2,"column":56},"end":{"line":2,"column":57}},"loc":{"start":{"line":2,"column":71},"end":{"line":4,"column":1}},"line":2},"1":{"name":"(anonymous_1)","decl":{"start":{"line":10,"column":26},"end":{"line":10,"column":27}},"loc":{"start":{"line":10,"column":32},"end":{"line":30,"column":1}},"line":10},"2":{"name":"(anonymous_2)","decl":{"start":{"line":36,"column":18},"end":{"line":36,"column":19}},"loc":{"start":{"line":36,"column":37},"end":{"line":66,"column":1}},"line":36},"3":{"name":"(anonymous_3)","decl":{"start":{"line":75,"column":29},"end":{"line":75,"column":30}},"loc":{"start":{"line":75,"column":61},"end":{"line":197,"column":1}},"line":75}},"branchMap":{"0":{"loc":{"start":{"line":2,"column":22},"end":{"line":4,"column":1}},"type":"binary-expr","locations":[{"start":{"line":2,"column":23},"end":{"line":2,"column":27}},{"start":{"line":2,"column":31},"end":{"line":2,"column":51}},{"start":{"line":2,"column":56},"end":{"line":4,"column":1}}],"line":2},"1":{"loc":{"start":{"line":3,"column":11},"end":{"line":3,"column":61}},"type":"cond-expr","locations":[{"start":{"line":3,"column":37},"end":{"line":3,"column":40}},{"start":{"line":3,"column":43},"end":{"line":3,"column":61}}],"line":3},"2":{"loc":{"start":{"line":3,"column":12},"end":{"line":3,"column":33}},"type":"binary-expr","locations":[{"start":{"line":3,"column":12},"end":{"line":3,"column":15}},{"start":{"line":3,"column":19},"end":{"line":3,"column":33}}],"line":3},"3":{"loc":{"start":{"line":12,"column":26},"end":{"line":12,"column":78}},"type":"binary-expr","locations":[{"start":{"line":12,"column":26},"end":{"line":12,"column":52}},{"start":{"line":12,"column":56},"end":{"line":12,"column":78}}],"line":12},"4":{"loc":{"start":{"line":13,"column":22},"end":{"line":13,"column":64}},"type":"binary-expr","locations":[{"start":{"line":13,"column":22},"end":{"line":13,"column":44}},{"start":{"line":13,"column":48},"end":{"line":13,"column":64}}],"line":13},"5":{"loc":{"start":{"line":14,"column":29},"end":{"line":14,"column":58}},"type":"binary-expr","locations":[{"start":{"line":14,"column":29},"end":{"line":14,"column":51}},{"start":{"line":14,"column":55},"end":{"line":14,"column":58}}],"line":14},"6":{"loc":{"start":{"line":15,"column":25},"end":{"line":15,"column":60}},"type":"binary-expr","locations":[{"start":{"line":15,"column":25},"end":{"line":15,"column":49}},{"start":{"line":15,"column":53},"end":{"line":15,"column":60}}],"line":15},"7":{"loc":{"start":{"line":16,"column":4},"end":{"line":19,"column":5}},"type":"if","locations":[{"start":{"line":16,"column":4},"end":{"line":19,"column":5}},{"start":{},"end":{}}],"line":16},"8":{"loc":{"start":{"line":16,"column":8},"end":{"line":16,"column":36}},"type":"binary-expr","locations":[{"start":{"line":16,"column":8},"end":{"line":16,"column":18}},{"start":{"line":16,"column":22},"end":{"line":16,"column":36}}],"line":16},"9":{"loc":{"start":{"line":42,"column":22},"end":{"line":42,"column":63}},"type":"binary-expr","locations":[{"start":{"line":42,"column":22},"end":{"line":42,"column":49}},{"start":{"line":42,"column":53},"end":{"line":42,"column":63}}],"line":42},"10":{"loc":{"start":{"line":55,"column":8},"end":{"line":62,"column":9}},"type":"if","locations":[{"start":{"line":55,"column":8},"end":{"line":62,"column":9}},{"start":{"line":60,"column":13},"end":{"line":62,"column":9}}],"line":55},"11":{"loc":{"start":{"line":55,"column":12},"end":{"line":57,"column":84}},"type":"binary-expr","locations":[{"start":{"line":55,"column":12},"end":{"line":55,"column":40}},{"start":{"line":56,"column":12},"end":{"line":56,"column":44}},{"start":{"line":57,"column":12},"end":{"line":57,"column":84}}],"line":55},"12":{"loc":{"start":{"line":77,"column":22},"end":{"line":77,"column":71}},"type":"binary-expr","locations":[{"start":{"line":77,"column":22},"end":{"line":77,"column":44}},{"start":{"line":77,"column":48},"end":{"line":77,"column":71}}],"line":77}},"s":{"0":0,"1":0,"2":0,"3":0,"4":0,"5":0,"6":0,"7":0,"8":0,"9":0,"10":0,"11":0,"12":0,"13":0,"14":0,"15":0,"16":0,"17":0,"18":0,"19":0,"20":0,"21":0,"22":0,"23":0,"24":0,"25":0,"26":0,"27":0,"28":0,"29":0,"30":0,"31":0,"32":0,"33":0,"34":0,"35":0,"36":0,"37":0},"f":{"0":0,"1":0,"2":0,"3":0},"b":{"0":[0,0,0],"1":[0,0],"2":[0,0],"3":[0,0],"4":[0,0],"5":[0,0],"6":[0,0],"7":[0,0],"8":[0,0],"9":[0,0],"10":[0,0],"11":[0,0,0],"12":[0,0]}}
,"C:\\Users\\bibek\\Documents\\Developer\\playsync-backend\\src\\Share\\utils\\logger.ts": {"path":"C:\\Users\\bibek\\Documents\\Developer\\playsync-backend\\src\\Share\\utils\\logger.ts","statementMap":{"0":{"start":{"line":2,"column":22},"end":{"line":4,"column":1}},"1":{"start":{"line":3,"column":4},"end":{"line":3,"column":62}},"2":{"start":{"line":5,"column":0},"end":{"line":5,"column":62}},"3":{"start":{"line":6,"column":15},"end":{"line":6,"column":47}},"4":{"start":{"line":7,"column":14},"end":{"line":7,"column":51}},"5":{"start":{"line":8,"column":15},"end":{"line":19,"column":2}},"6":{"start":{"line":20,"column":0},"end":{"line":20,"column":25}}},"fnMap":{"0":{"name":"(anonymous_0)","decl":{"start":{"line":2,"column":56},"end":{"line":2,"column":57}},"loc":{"start":{"line":2,"column":71},"end":{"line":4,"column":1}},"line":2}},"branchMap":{"0":{"loc":{"start":{"line":2,"column":22},"end":{"line":4,"column":1}},"type":"binary-expr","locations":[{"start":{"line":2,"column":23},"end":{"line":2,"column":27}},{"start":{"line":2,"column":31},"end":{"line":2,"column":51}},{"start":{"line":2,"column":56},"end":{"line":4,"column":1}}],"line":2},"1":{"loc":{"start":{"line":3,"column":11},"end":{"line":3,"column":61}},"type":"cond-expr","locations":[{"start":{"line":3,"column":37},"end":{"line":3,"column":40}},{"start":{"line":3,"column":43},"end":{"line":3,"column":61}}],"line":3},"2":{"loc":{"start":{"line":3,"column":12},"end":{"line":3,"column":33}},"type":"binary-expr","locations":[{"start":{"line":3,"column":12},"end":{"line":3,"column":15}},{"start":{"line":3,"column":19},"end":{"line":3,"column":33}}],"line":3},"3":{"loc":{"start":{"line":9,"column":11},"end":{"line":9,"column":35}},"type":"cond-expr","locations":[{"start":{"line":9,"column":19},"end":{"line":9,"column":26}},{"start":{"line":9,"column":29},"end":{"line":9,"column":35}}],"line":9},"4":{"loc":{"start":{"line":10,"column":15},"end":{"line":17,"column":19}},"type":"cond-expr","locations":[{"start":{"line":11,"column":10},"end":{"line":16,"column":9}},{"start":{"line":17,"column":10},"end":{"line":17,"column":19}}],"line":10}},"s":{"0":0,"1":0,"2":0,"3":0,"4":0,"5":0,"6":0},"f":{"0":0},"b":{"0":[0,0,0],"1":[0,0],"2":[0,0],"3":[0,0],"4":[0,0]}}
,"C:\\Users\\bibek\\Documents\\Developer\\playsync-backend\\src\\Share\\utils\\validateDto.ts": {"path":"C:\\Users\\bibek\\Documents\\Developer\\playsync-backend\\src\\Share\\utils\\validateDto.ts","statementMap":{"0":{"start":{"line":2,"column":0},"end":{"line":2,"column":62}},"1":{"start":{"line":3,"column":0},"end":{"line":3,"column":29}},"2":{"start":{"line":4,"column":14},"end":{"line":4,"column":28}},"3":{"start":{"line":5,"column":20},"end":{"line":37,"column":1}},"4":{"start":{"line":6,"column":4},"end":{"line":36,"column":6}},"5":{"start":{"line":7,"column":8},"end":{"line":35,"column":9}},"6":{"start":{"line":9,"column":30},"end":{"line":13,"column":14}},"7":{"start":{"line":15,"column":12},"end":{"line":16,"column":42}},"8":{"start":{"line":16,"column":16},"end":{"line":16,"column":42}},"9":{"start":{"line":17,"column":12},"end":{"line":18,"column":44}},"10":{"start":{"line":18,"column":16},"end":{"line":18,"column":44}},"11":{"start":{"line":19,"column":12},"end":{"line":20,"column":46}},"12":{"start":{"line":20,"column":16},"end":{"line":20,"column":46}},"13":{"start":{"line":21,"column":12},"end":{"line":21,"column":19}},"14":{"start":{"line":24,"column":12},"end":{"line":33,"column":13}},"15":{"start":{"line":25,"column":16},"end":{"line":32,"column":19}},"16":{"start":{"line":28,"column":53},"end":{"line":31,"column":21}},"17":{"start":{"line":34,"column":12},"end":{"line":34,"column":24}},"18":{"start":{"line":38,"column":0},"end":{"line":38,"column":34}},"19":{"start":{"line":39,"column":0},"end":{"line":39,"column":38}}},"fnMap":{"0":{"name":"(anonymous_0)","decl":{"start":{"line":5,"column":20},"end":{"line":5,"column":21}},"loc":{"start":{"line":5,"column":32},"end":{"line":37,"column":1}},"line":5},"1":{"name":"(anonymous_1)","decl":{"start":{"line":6,"column":11},"end":{"line":6,"column":12}},"loc":{"start":{"line":6,"column":31},"end":{"line":36,"column":5}},"line":6},"2":{"name":"(anonymous_2)","decl":{"start":{"line":28,"column":45},"end":{"line":28,"column":46}},"loc":{"start":{"line":28,"column":53},"end":{"line":31,"column":21}},"line":28}},"branchMap":{"0":{"loc":{"start":{"line":15,"column":12},"end":{"line":16,"column":42}},"type":"if","locations":[{"start":{"line":15,"column":12},"end":{"line":16,"column":42}},{"start":{},"end":{}}],"line":15},"1":{"loc":{"start":{"line":17,"column":12},"end":{"line":18,"column":44}},"type":"if","locations":[{"start":{"line":17,"column":12},"end":{"line":18,"column":44}},{"start":{},"end":{}}],"line":17},"2":{"loc":{"start":{"line":19,"column":12},"end":{"line":20,"column":46}},"type":"if","locations":[{"start":{"line":19,"column":12},"end":{"line":20,"column":46}},{"start":{},"end":{}}],"line":19},"3":{"loc":{"start":{"line":24,"column":12},"end":{"line":33,"column":13}},"type":"if","locations":[{"start":{"line":24,"column":12},"end":{"line":33,"column":13}},{"start":{},"end":{}}],"line":24}},"s":{"0":0,"1":0,"2":0,"3":0,"4":0,"5":0,"6":0,"7":0,"8":0,"9":0,"10":0,"11":0,"12":0,"13":0,"14":0,"15":0,"16":0,"17":0,"18":0,"19":0},"f":{"0":0,"1":0,"2":0},"b":{"0":[0,0],"1":[0,0],"2":[0,0],"3":[0,0]}}
[...]
{"start":{"line":165,"column":12},"end":{"line":168,"column":13}},"106":{"start":{"line":166,"column":16},"end":{"line":166,"column":83}},"107":{"start":{"line":167,"column":16},"end":{"line":167,"column":23}},"108":{"start":{"line":169,"column":12},"end":{"line":169,"column":43}},"109":{"start":{"line":170,"column":32},"end":{"line":170,"column":61}},"110":{"start":{"line":171,"column":12},"end":{"line":173,"column":13}},"111":{"start":{"line":172,"column":16},"end":{"line":172,"column":53}},"112":{"start":{"line":174,"column":12},"end":{"line":174,"column":78}},"113":{"start":{"line":177,"column":8},"end":{"line":215,"column":11}},"114":{"start":{"line":178,"column":12},"end":{"line":214,"column":13}},"115":{"start":{"line":179,"column":16},"end":{"line":181,"column":17}},"116":{"start":{"line":180,"column":20},"end":{"line":180,"column":83}},"117":{"start":{"line":182,"column":35},"end":{"line":182,"column":39}},"118":{"start":{"line":184,"column":43},"end":{"line":184,"column":135}},"119":{"start":{"line":184,"column":78},"end":{"line":184,"column":134}},"120":{"start":{"line":185,"column":33},"end":{"line":185,"column":53}},"121":{"start":{"line":186,"column":29},"end":{"line":186,"column":60}},"122":{"start":{"line":187,"column":16},"end":{"line":189,"column":17}},"123":{"start":{"line":188,"column":20},"end":{"line":188,"column":83}},"124":{"start":{"line":191,"column":36},"end":{"line":191,"column":120}},"125":{"start":{"line":191,"column":64},"end":{"line":191,"column":119}},"126":{"start":{"line":192,"column":16},"end":{"line":194,"column":17}},"127":{"start":{"line":193,"column":20},"end":{"line":193,"column":86}},"128":{"start":{"line":196,"column":16},"end":{"line":196,"column":46}},"129":{"start":{"line":197,"column":36},"end":{"line":197,"column":65}},"130":{"start":{"line":198,"column":16},"end":{"line":200,"column":17}},"131":{"start":{"line":199,"column":20},"end":{"line":199,"column":54}},"132":{"start":{"line":201,"column":16},"end":{"line":201,"column":87}},"133":{"start":{"line":202,"column":16},"end":{"line":209,"column":19}},"134":{"start":{"line":212,"column":16},"end":{"line":212,"column":81}},"135":{"start":{"line":213,"column":16},"end":{"line":213,"column":77}},"136":{"start":{"line":217,"column":8},"end":{"line":219,"column":11}},"137":{"start":{"line":218,"column":12},"end":{"line":218,"column":68}},"138":{"start":{"line":221,"column":8},"end":{"line":221,"column":64}},"139":{"start":{"line":221,"column":38},"end":{"line":221,"column":62}},"140":{"start":{"line":223,"column":4},"end":{"line":223,"column":80}},"141":{"start":{"line":224,"column":4},"end":{"line":224,"column":14}},"142":{"start":{"line":226,"column":0},"end":{"line":226,"column":56}},"143":{"start":{"line":230,"column":24},"end":{"line":235,"column":1}},"144":{"start":{"line":231,"column":4},"end":{"line":233,"column":5}},"145":{"start":{"line":232,"column":8},"end":{"line":232,"column":96}},"146":{"start":{"line":234,"column":4},"end":{"line":234,"column":14}},"147":{"start":{"line":236,"column":0},"end":{"line":236,"column":42}},"148":{"start":{"line":240,"column":29},"end":{"line":245,"column":1}},"149":{"start":{"line":241,"column":4},"end":{"line":243,"column":5}},"150":{"start":{"line":242,"column":8},"end":{"line":242,"column":99}},"151":{"start":{"line":244,"column":4},"end":{"line":244,"column":29}},"152":{"start":{"line":246,"column":0},"end":{"line":246,"column":52}},"153":{"start":{"line":250,"column":33},"end":{"line":252,"column":1}},"154":{"start":{"line":251,"column":4},"end":{"line":251,"column":34}},"155":{"start":{"line":253,"column":0},"end":{"line":253,"column":60}},"156":{"start":{"line":257,"column":24},"end":{"line":259,"column":1}},"157":{"start":{"line":258,"column":4},"end":{"line":258,"column":41}},"158":{"start":{"line":260,"column":0},"end":{"line":260,"column":42}}},"fnMap":{"0":{"name":"(anonymous_0)","decl":{"start":{"line":2,"column":74},"end":{"line":2,"column":75}},"loc":{"start":{"line":2,"column":96},"end":{"line":9,"column":1}},"line":2},"1":{"name":"(anonymous_1)","decl":{"start":{"line":6,"column":38},"end":{"line":6,"column":39}},"loc":{"start":{"line":6,"column":49},"end":{"line":6,"column":65}},"line":6},"2":{"name":"(anonymous_2)","decl":{"start":{"line":9,"column":6},"end":{"line":9,"column":7}},"loc":{"start":{"line":9,"column":28},"end":{"line":12,"column":1}},"line":9},"3":{"name":"(anonymous_3)","decl":{"start":{"line":13,"column":80},"end":{"line":13,"column":81}},"loc":{"start":{"line":13,"column":95},"end":{"line":15,"column":1}},"line":13},"4":{"name":"(anonymous_4)","decl":{"start":{"line":15,"column":5},"end":{"line":15,"column":6}},"loc":{"start":{"line":15,"column":20},"end":{"line":17,"column":1}},"line":15},"5":{"name":"(anonymous_5)","decl":{"start":{"line":18,"column":51},"end":{"line":18,"column":52}},"loc":{"start":{"line":18,"column":63},"end":{"line":34,"column":1}},"line":18},"6":{"name":"(anonymous_6)","decl":{"start":{"line":19,"column":18},"end":{"line":19,"column":19}},"loc":{"start":{"line":19,"column":30},"end":{"line":26,"column":5}},"line":19},"7":{"name":"(anonymous_7)","decl":{"start":{"line":20,"column":48},"end":{"line":20,"column":49}},"loc":{"start":{"line":20,"column":61},"end":{"line":24,"column":9}},"line":20},"8":{"name":"(anonymous_8)","decl":{"start":{"line":27,"column":11},"end":{"line":27,"column":12}},"loc":{"start":{"line":27,"column":26},"end":{"line":33,"column":5}},"line":27},"9":{"name":"(anonymous_9)","decl":{"start":{"line":35,"column":56},"end":{"line":35,"column":57}},"loc":{"start":{"line":35,"column":71},"end":{"line":37,"column":1}},"line":35},"10":{"name":"(anonymous_10)","decl":{"start":{"line":53,"column":29},"end":{"line":53,"column":30}},"loc":{"start":{"line":53,"column":53},"end":{"line":78,"column":1}},"line":53},"11":{"name":"(anonymous_11)","decl":{"start":{"line":82,"column":25},"end":{"line":82,"column":26}},"loc":{"start":{"line":82,"column":43},"end":{"line":102,"column":1}},"line":82},"12":{"name":"(anonymous_12)","decl":{"start":{"line":106,"column":31},"end":{"line":106,"column":32}},"loc":{"start":{"line":106,"column":47},"end":{"line":225,"column":1}},"line":106},"13":{"name":"(anonymous_13)","decl":{"start":{"line":126,"column":24},"end":{"line":126,"column":25}},"loc":{"start":{"line":126,"column":36},"end":{"line":222,"column":5}},"line":126},"14":{"name":"(anonymous_14)","decl":{"start":{"line":146,"column":36},"end":{"line":146,"column":37}},"loc":{"start":{"line":146,"column":42},"end":{"line":149,"column":9}},"line":146},"15":{"name":"(anonymous_15)","decl":{"start":{"line":151,"column":31},"end":{"line":151,"column":32}},"loc":{"start":{"line":151,"column":43},"end":{"line":162,"column":9}},"line":151},"16":{"name":"(anonymous_16)","decl":{"start":{"line":164,"column":32},"end":{"line":164,"column":33}},"loc":{"start":{"line":164,"column":44},"end":{"line":175,"column":9}},"line":164},"17":{"name":"(anonymous_17)","decl":{"start":{"line":177,"column":36},"end":{"line":177,"column":37}},"loc":{"start":{"line":177,"column":62},"end":{"line":215,"column":9}},"line":177},"18":{"name":"(anonymous_18)","decl":{"start":{"line":184,"column":72},"end":{"line":184,"column":73}},"loc":{"start":{"line":184,"column":78},"end":{"line":184,"column":134}},"line":184},"19":{"name":"(anonymous_19)","decl":{"start":{"line":191,"column":59},"end":{"line":191,"column":60}},"loc":{"start":{"line":191,"column":64},"end":{"line":191,"column":119}},"line":191},"20":{"name":"(anonymous_20)","decl":{"start":{"line":217,"column":31},"end":{"line":217,"column":32}},"loc":{"start":{"line":217,"column":37},"end":{"line":219,"column":9}},"line":217},"21":{"name":"(anonymous_21)","decl":{"start":{"line":221,"column":32},"end":{"line":221,"column":33}},"loc":{"start":{"line":221,"column":38},"end":{"line":221,"column":62}},"line":221},"22":{"name":"(anonymous_22)","decl":{"start":{"line":230,"column":24},"end":{"line":230,"column":25}},"loc":{"start":{"line":230,"column":30},"end":{"line":235,"column":1}},"line":230},"23":{"name":"(anonymous_23)","decl":{"start":{"line":240,"column":29},"end":{"line":240,"column":30}},"loc":{"start":{"line":240,"column":35},"end":{"line":245,"column":1}},"line":240},"24":{"name":"(anonymous_24)","decl":{"start":{"line":250,"column":33},"end":{"line":250,"column":34}},"loc":{"start":{"line":250,"column":39},"end":{"line":252,"column":1}},"line":250},"25":{"name":"(anonymous_25)","decl":{"start":{"line":257,"column":24},"end":{"line":257,"column":25}},"loc":{"start":{"line":257,"column":36},"end":{"line":259,"column":1}},"line":257}},"branchMap":{"0":{"loc":{"start":{"line":2,"column":22},"end":{"line":12,"column":3}},"type":"binary-expr","locations":[{"start":{"line":2,"column":23},"end":{"line":2,"column":27}},{"start":{"line":2,"column":31},"end":{"line":2,"column":51}},{"start":{"line":2,"column":57},"end":{"line":12,"column":2}}],"line":2},"1":{"loc":{"start":{"line":2,"column":57},"end":{"line":12,"column":2}},"type":"cond-expr","locations":[{"start":{"line":2,"column":74},"end":{"line":9,"column":1}},{"start":{"line":9,"column":6},"end":{"line":12,"column":1}}],"line":2},"2":{"loc":{"start":{"line":3,"column":4},"end":{"line":3,"column":33}},"type":"if","locations":[{"start":{"line":3,"column":4},"end":{"line":3,"column":33}},{"start":{},"end":{}}],"line":3},"3":{"loc":{"start":{"line":5,"column":4},"end":{"line":7,"column":5}},"type":"if","locations":[{"start":{"line":5,"column":4},"end":{"line":7,"column":5}},{"start":{},"end":{}}],"line":5},"4":{"loc":{"start":{"line":5,"column":8},"end":{"line":5,"column":85}},"type":"binary-expr","locations":[{"start":{"line":5,"column":8},"end":{"line":5,"column":13}},{"start":{"line":5,"column":18},"end":{"line":5,"column":84}}],"line":5},"5":{"loc":{"start":{"line":5,"column":18},"end":{"line":5,"column":84}},"type":"cond-expr","locations":[{"start":{"line":5,"column":34},"end":{"line":5,"column":47}},{"start":{"line":5,"column":50},"end":{"line":5,"column":84}}],"line":5},"6":{"loc":{"start":{"line":5,"column":50},"end":{"line":5,"column":84}},"type":"binary-expr","locations":[{"start":{"line":5,"column":50},"end":{"line":5,"column":63}},{"start":{"line":5,"column":67},"end":{"line":5,"column":84}}],"line":5},"7":{"loc":{"start":{"line":10,"column":4},"end":{"line":10,"column":33}},"type":"if","locations":[{"start":{"line":10,"column":4},"end":{"line":10,"column":33}},{"start":{},"end":{}}],"line":10},"8":{"loc":{"start":{"line":13,"column":25},"end":{"line":17,"column":2}},"type":"binary-expr","locations":[{"start":{"line":13,"column":26},"end":{"line":13,"column":30}},{"start":{"line":13,"column":34},"end":{"line":13,"column":57}},{"start":{"line":13,"column":63},"end":{"line":17,"column":1}}],"line":13},"9":{"loc":{"start":{"line":13,"column":63},"end":{"line":17,"column":1}},"type":"cond-expr","locations":[{"start":{"line":13,"column":80},"end":{"line":15,"column":1}},{"start":{"line":15,"column":5},"end":{"line":17,"column":1}}],"line":13},"10":{"loc":{"start":{"line":18,"column":19},"end":{"line":34,"column":4}},"type":"binary-expr","locations":[{"start":{"line":18,"column":20},"end":{"line":18,"column":24}},{"start":{"line":18,"column":28},"end":{"line":18,"column":45}},{"start":{"line":18,"column":50},"end":{"line":34,"column":4}}],"line":18},"11":{"loc":{"start":{"line":20,"column":18},"end":{"line":24,"column":9}},"type":"binary-expr","locations":[{"start":{"line":20,"column":18},"end":{"line":20,"column":44}},{"start":{"line":20,"column":48},"end":{"line":24,"column":9}}],"line":20},"12":{"loc":{"start":{"line":22,"column":29},"end":{"line":22,"column":95}},"type":"if","locations":[{"start":{"line":22,"column":29},"end":{"line":22,"column":95}},{"start":{},"end":{}}],"line":22},"13":{"loc":{"start":{"line":28,"column":8},"end":{"line":28,"column":46}},"type":"if","locations":[{"start":{"line":28,"column":8},"end":{"line":28,"column":46}},{"start":{},"end":{}}],"line":28},"14":{"loc":{"start":{"line":28,"column":12},"end":{"line":28,"column":33}},"type":"binary-expr","locations":[{"start":{"line":28,"column":12},"end":{"line":28,"column":15}},{"start":{"line":28,"column":19},"end":{"line":28,"column":33}}],"line":28},"15":{"loc":{"start":{"line":30,"column":8},"end":{"line":30,"column":137}},"type":"if","locations":[{"start":{"line":30,"column":8},"end":{"line":30,"column":137}},{"start":{},"end":{}}],"line":30},"16":{"loc":{"start":{"line":30,"column":78},"end":{"line":30,"column":137}},"type":"if","locations":[{"start":{"line":30,"column":78},"end":{"line":30,"column":137}},{"start":{},"end":{}}],"line":30},"17":{"loc":{"start":{"line":35,"column":22},"end":{"line":37,"column":1}},"type":"binary-expr","locations":[{"start":{"line":35,"column":23},"end":{"line":35,"column":27}},{"start":{"line":35,"column":31},"end":{"line":35,"column":51}},{"start":{"line":35,"column":56},"end":{"line":37,"column":1}}],"line":35},"18":{"loc":{"start":{"line":36,"column":11},"end":{"line":36,"column":61}},"type":"cond-expr","locations":[{"start":{"line":36,"column":37},"end":{"line":36,"column":40}},{"start":{"line":36,"column":43},"end":{"line":36,"column":61}}],"line":36},"19":{"loc":{"start":{"line":36,"column":12},"end":{"line":36,"column":33}},"type":"binary-expr","locations":[{"start":{"line":36,"column":12},"end":{"line":36,"column":15}},{"start":{"line":36,"column":19},"end":{"line":36,"column":33}}],"line":36},"20":{"loc":{"start":{"line":55,"column":22},"end":{"line":55,"column":106}},"type":"binary-expr","locations":[{"start":{"line":55,"column":22},"end":{"line":55,"column":49}},{"start":{"line":55,"column":53},"end":{"line":55,"column":106}}],"line":55},"21":{"loc":{"start":{"line":56,"column":8},"end":{"line":59,"column":9}},"type":"if","locations":[{"start":{"line":56,"column":8},"end":{"line":59,"column":9}},{"start":{},"end":{}}],"line":56},"22":{"loc":{"start":{"line":62,"column":8},"end":{"line":65,"column":9}},"type":"if","locations":[{"start":{"line":62,"column":8},"end":{"line":65,"column":9}},{"start":{},"end":{}}],"line":62},"23":{"loc":{"start":{"line":62,"column":12},"end":{"line":62,"column":35}},"type":"binary-expr","locations":[{"start":{"line":62,"column":12},"end":{"line":62,"column":20}},{"start":{"line":62,"column":24},"end":{"line":62,"column":35}}],"line":62},"24":{"loc":{"start":{"line":84,"column":4},"end":{"line":85,"column":15}},"type":"if","locations":[{"start":{"line":84,"column":4},"end":{"line":85,"column":15}},{"start":{},"end":{}}],"line":84},"25":{"loc":{"start":{"line":88,"column":4},"end":{"line":100,"column":5}},"type":"if","locations":[{"start":{"line":88,"column":4},"end":{"line":100,"column":5}},{"start":{},"end":{}}],"line":88},"26":{"loc":{"start":{"line":91,"column":8},"end":{"line":98,"column":9}},"type":"if","locations":[{"start":{"line":91,"column":8},"end":{"line":98,"column":9}},{"start":{},"end":{}}],"line":91},"27":{"loc":{"start":{"line":109,"column":20},"end":{"line":109,"column":49}},"type":"binary-expr","locations":[{"start":{"line":109,"column":20},"end":{"line":109,"column":42}},{"start":{"line":109,"column":46},"end":{"line":109,"column":49}}],"line":109},"28":{"loc":{"start":{"line":128,"column":8},"end":{"line":132,"column":9}},"type":"if","locations":[{"start":{"line":128,"column":8},"end":{"line":132,"column":9}},{"start":{},"end":{}}],"line":128},"29":{"loc":{"start":{"line":152,"column":12},"end":{"line":155,"column":13}},"type":"if","locations":[{"start":{"line":152,"column":12},"end":{"line":155,"column":13}},{"start":{},"end":{}}],"line":152},"30":{"loc":{"start":{"line":152,"column":16},"end":{"line":152,"column":53}},"type":"binary-expr","locations":[{"start":{"line":152,"column":16},"end":{"line":152,"column":23}},{"start":{"line":152,"column":27},"end":{"line":152,"column":53}}],"line":152},"31":{"loc":{"start":{"line":158,"column":12},"end":{"line":160,"column":13}},"type":"if","locations":[{"start":{"line":158,"column":12},"end":{"line":160,"column":13}},{"start":{},"end":{}}],"line":158},"32":{"loc":{"start":{"line":165,"column":12},"end":{"line":168,"column":13}},"type":"if","locations":[{"start":{"line":165,"column":12},"end":{"line":168,"column":13}},{"start":{},"end":{}}],"line":165},"33":{"loc":{"start":{"line":165,"column":16},"end":{"line":165,"column":53}},"type":"binary-expr","locations":[{"start":{"line":165,"column":16},"end":{"line":165,"column":23}},{"start":{"line":165,"column":27},"end":{"line":165,"column":53}}],"line":165},"34":{"loc":{"start":{"line":171,"column":12},"end":{"line":173,"column":13}},"type":"if","locations":[{"start":{"line":171,"column":12},"end":{"line":173,"column":13}},{"start":{},"end":{}}],"line":171},"35":{"loc":{"start":{"line":179,"column":16},"end":{"line":181,"column":17}},"type":"if","locations":[{"start":{"line":179,"column":16},"end":{"line":181,"column":17}},{"start":{},"end":{}}],"line":179},"36":{"loc":{"start":{"line":187,"column":16},"end":{"line":189,"column":17}},"type":"if","locations":[{"start":{"line":187,"column":16},"end":{"line":189,"column":17}},{"start":{},"end":{}}],"line":187},"37":{"loc":{"start":{"line":191,"column":64},"end":{"line":191,"column":119}},"type":"binary-expr","locations":[{"start":{"line":191,"column":64},"end":{"line":191,"column":94}},{"start":{"line":191,"column":98},"end":{"line":191,"column":119}}],"line":191},"38":{"loc":{"start":{"line":192,"column":16},"end":{"line":194,"column":17}},"type":"if","locations":[{"start":{"line":192,"column":16},"end":{"line":194,"column":17}},{"start":{},"end":{}}],"line":192},"39":{"loc":{"start":{"line":198,"column":16},"end":{"line":200,"column":17}},"type":"if","locations":[{"start":{"line":198,"column":16},"end":{"line":200,"column":17}},{"start":{},"end":{}}],"line":198},"40":{"loc":{"start":{"line":231,"column":4},"end":{"line":233,"column":5}},"type":"if","locations":[{"start":{"line":231,"column":4},"end":{"line":233,"column":5}},{"start":{},"end":{}}],"line":231},"41":{"loc":{"start":{"line":241,"column":4},"end":{"line":243,"column":5}},"type":"if","locations":[{"start":{"line":241,"column":4},"end":{"line":243,"column":5}},{"start":{},"end":{}}],"line":241}},"s":{"0":0,"1":0,"2":0,"3":0,"4":0,"5":0,"6":0,"7":0,"8":0,"9":0,"10":0,"11":0,"12":0,"13":0,"14":0,"15":0,"16":0,"17":0,"18":0,"19":0,"20":0,"21":0,"22":0,"23":0,"24":0,"25":0,"26":0,"27":0,"28":0,"29":0,"30":0,"31":0,"32":0,"33":0,"34":0,"35":0,"36":0,"37":0,"38":0,"39":0,"40":0,"41":0,"42":0,"43":0,"44":0,"45":0,"46":0,"47":0,"48":0,"49":0,"50":0,"51":0,"52":0,"53":0,"54":0,"55":0,"56":0,"57":0,"58":0,"59":0,"60":0,"61":0,"62":0,"63":0,"64":0,"65":0,"66":0,"67":0,"68":0,"69":0,"70":0,"71":0,"72":0,"73":0,"74":0,"75":0,"76":0,"77":0,"78":0,"79":0,"80":0,"81":0,"82":0,"83":0,"84":0,"85":0,"86":0,"87":0,"88":0,"89":0,"90":0,"91":0,"92":0,"93":0,"94":0,"95":0,"96":0,"97":0,"98":0,"99":0,"100":0,"101":0,"102":0,"103":0,"104":0,"105":0,"106":0,"107":0,"108":0,"109":0,"110":0,"111":0,"112":0,"113":0,"114":0,"115":0,"116":0,"117":0,"118":0,"119":0,"120":0,"121":0,"122":0,"123":0,"124":0,"125":0,"126":0,"127":0,"128":0,"129":0,"130":0,"131":0,"132":0,"133":0,"134":0,"135":0,"136":0,"137":0,"138":0,"139":0,"140":0,"141":0,"142":0,"143":0,"144":0,"145":0,"146":0,"147":0,"148":0,"149":0,"150":0,"151":0,"152":0,"153":0,"154":0,"155":0,"156":0,"157":0,"158":0},"f":{"0":0,"1":0,"2":0,"3":0,"4":0,"5":0,"6":0,"7":0,"8":0,"9":0,"10":0,"11":0,"12":0,"13":0,"14":0,"15":0,"16":0,"17":0,"18":0,"19":0,"20":0,"21":0,"22":0,"23":0,"24":0,"25":0},"b":{"0":[0,0,0],"1":[0,0],"2":[0,0],"3":[0,0],"4":[0,0],"5":[0,0],"6":[0,0],"7":[0,0],"8":[0,0,0],"9":[0,0],"10":[0,0,0],"11":[0,0],"12":[0,0],"13":[0,0],"14":[0,0],"15":[0,0],"16":[0,0],"17":[0,0,0],"18":[0,0],"19":[0,0],"20":[0,0],"21":[0,0],"22":[0,0],"23":[0,0],"24":[0,0],"25":[0,0],"26":[0,0],"27":[0,0],"28":[0,0],"29":[0,0],"30":[0,0],"31":[0,0],"32":[0,0],"33":[0,0],"34":[0,0],"35":[0,0],"36":[0,0],"37":[0,0],"38":[0,0],"39":[0,0],"40":[0,0],"41":[0,0]}}
}
